2026-02-15 19:57:49,634 - INFO - 开始数据录入流程，读取CSV文件: D:\这里有法_资料\文书分段\民事文书分段\2021年01月裁判文书数据_分段结果.csv
2026-02-15 19:57:49,634 - INFO - 使用已有的列映射信息，共19个字段
2026-02-15 19:57:49,634 - INFO - 连接MySQL数据库...
2026-02-15 19:57:50,033 - INFO - 开始分批次读取CSV文件...
2026-02-15 19:57:50,033 - INFO - 开始分批读取CSV文件: D:\这里有法_资料\文书分段\民事文书分段\2021年01月裁判文书数据_分段结果.csv
2026-02-15 19:57:51,783 - INFO - 读取第 1 批数据，共 20000 行
2026-02-15 19:57:51,799 - INFO - 处理第 1 批数据，共 20000 行
2026-02-15 19:59:29,278 - INFO - 已提交 20000 行数据
2026-02-15 19:59:31,004 - INFO - 读取第 2 批数据，共 20000 行
2026-02-15 19:59:31,004 - INFO - 处理第 2 批数据，共 20000 行
2026-02-15 20:01:07,154 - INFO - 已提交 40000 行数据
2026-02-15 20:01:10,930 - INFO - 读取第 3 批数据，共 14723 行
2026-02-15 20:01:10,932 - INFO - 处理第 3 批数据，共 14723 行
2026-02-15 20:02:48,537 - INFO - 数据录入完成，成功插入 54723 行，跳过 0 行
2026-02-15 20:02:48,654 - INFO - 表 'Vietnam_document' 现在共有 54723 行数据
2026-02-15 20:03:56,675 - INFO - 开始建表流程，读取CSV文件: D:\这里有法_资料\文书分段\民事文书分段\2021年01月裁判文书数据_细节提取.csv
2026-02-15 20:03:58,684 - INFO - CSV文件读取成功，共1458943行，6列
2026-02-15 20:03:58,684 - INFO - 需要处理的CSV列数: 6
2026-02-15 20:03:58,684 - INFO - CSV列 1: '原始链接' -> MySQL字段 '原始链接'
2026-02-15 20:03:58,684 - INFO - CSV列 2: '案号' -> MySQL字段 '案号'
2026-02-15 20:03:58,684 - INFO - CSV列 3: '审级' -> MySQL字段 '审级'
2026-02-15 20:03:58,684 - INFO - CSV列 4: '对应分段行号' -> MySQL字段 '对应分段行号'
2026-02-15 20:03:58,700 - INFO - CSV列 5: '类型' -> MySQL字段 '类型'
2026-02-15 20:03:58,701 - INFO - CSV列 6: '内容' -> MySQL字段 '内容'
2026-02-15 20:04:04,240 - INFO - 字段 '原始链接' 最大长度（清理后）: 109
2026-02-15 20:04:07,556 - INFO - 字段 '案号' 最大长度（清理后）: 91
2026-02-15 20:04:10,324 - INFO - 字段 '审级' 最大长度（清理后）: 2
2026-02-15 20:04:13,292 - INFO - 字段 '对应分段行号' 最大长度（清理后）: 6
2026-02-15 20:04:16,460 - INFO - 字段 '类型' 最大长度（清理后）: 23
2026-02-15 20:04:19,539 - INFO - 字段 '内容' 最大长度（清理后）: 4738
2026-02-15 20:04:19,539 - INFO - 连接MySQL数据库...
2026-02-15 20:04:19,740 - ERROR - 建表过程中出错: (1049, "Unknown database 'LAWdataba2se'")
Traceback (most recent call last):
  File "c:\users\29944\desktop\spyder\law_relevant\db\2_1,2_2文书\民事文书细节\民事文书细节表录入.py", line 191, in create_table_from_csv
    conn = pymysql.connect(**MYSQL_CONFIG)
  File "C:\Users\29944\anaconda3\lib\site-packages\pymysql\connections.py", line 361, in __init__
    self.connect()
  File "C:\Users\29944\anaconda3\lib\site-packages\pymysql\connections.py", line 669, in connect
    self._request_authentication()
  File "C:\Users\29944\anaconda3\lib\site-packages\pymysql\connections.py", line 971, in _request_authentication
    auth_packet = self._process_auth(plugin_name, auth_packet)
  File "C:\Users\29944\anaconda3\lib\site-packages\pymysql\connections.py", line 1062, in _process_auth
    pkt = self._read_packet()
  File "C:\Users\29944\anaconda3\lib\site-packages\pymysql\connections.py", line 775, in _read_packet
    packet.raise_for_error()
  File "C:\Users\29944\anaconda3\lib\site-packages\pymysql\protocol.py", line 219, in raise_for_error
    err.raise_mysql_exception(self._data)
  File "C:\Users\29944\anaconda3\lib\site-packages\pymysql\err.py", line 150, in raise_mysql_exception
    raise errorclass(errno, errval)
pymysql.err.OperationalError: (1049, "Unknown database 'LAWdataba2se'")
2026-02-15 20:04:36,567 - INFO - 开始建表流程，读取CSV文件: D:\这里有法_资料\文书分段\民事文书分段\2021年01月裁判文书数据_细节提取.csv
2026-02-15 20:04:38,401 - INFO - CSV文件读取成功，共1458943行，6列
2026-02-15 20:04:38,403 - INFO - 需要处理的CSV列数: 6
2026-02-15 20:04:38,403 - INFO - CSV列 1: '原始链接' -> MySQL字段 '原始链接'
2026-02-15 20:04:38,403 - INFO - CSV列 2: '案号' -> MySQL字段 '案号'
2026-02-15 20:04:38,403 - INFO - CSV列 3: '审级' -> MySQL字段 '审级'
2026-02-15 20:04:38,403 - INFO - CSV列 4: '对应分段行号' -> MySQL字段 '对应分段行号'
2026-02-15 20:04:38,403 - INFO - CSV列 5: '类型' -> MySQL字段 '类型'
2026-02-15 20:04:38,403 - INFO - CSV列 6: '内容' -> MySQL字段 '内容'
2026-02-15 20:04:44,124 - INFO - 字段 '原始链接' 最大长度（清理后）: 109
2026-02-15 20:04:47,769 - INFO - 字段 '案号' 最大长度（清理后）: 91
2026-02-15 20:04:50,745 - INFO - 字段 '审级' 最大长度（清理后）: 2
2026-02-15 20:04:53,815 - INFO - 字段 '对应分段行号' 最大长度（清理后）: 6
2026-02-15 20:04:56,832 - INFO - 字段 '类型' 最大长度（清理后）: 23
2026-02-15 20:04:59,870 - INFO - 字段 '内容' 最大长度（清理后）: 4738
2026-02-15 20:04:59,870 - INFO - 连接MySQL数据库...
2026-02-15 20:05:00,238 - INFO - 创建MySQL表...
2026-02-15 20:05:00,238 - INFO - 建表SQL:
CREATE TABLE 2_2Civil_label (
    原始链接 varchar(164),
    案号 varchar(200),
    审级 varchar(50),
    对应分段行号 varchar(50),
    类型 varchar(200),
    内容 longtext
) ENGINE=InnoDB DEFAULT CHARSET=utf8mb4 COLLATE=utf8mb4_unicode_ci;
2026-02-15 20:05:00,479 - INFO - 在字段 '原始链接' 上创建索引
2026-02-15 20:05:00,525 - INFO - 表 '2_2Civil_label' 创建成功！
2026-02-15 20:05:00,532 - INFO - 列映射信息已保存到 column_mapping.json
2026-02-15 20:05:00,573 - INFO - 
表结构:
2026-02-15 20:05:00,573 - INFO - ==========================================================================================
2026-02-15 20:05:00,573 - INFO - 字段名                            类型                        允许空       
2026-02-15 20:05:00,573 - INFO - ==========================================================================================
2026-02-15 20:05:00,573 - INFO - 原始链接                           varchar(164)              YES       
2026-02-15 20:05:00,589 - INFO - 案号                             varchar(200)              YES       
2026-02-15 20:05:00,589 - INFO - 审级                             varchar(50)               YES       
2026-02-15 20:05:00,589 - INFO - 对应分段行号                         varchar(50)               YES       
2026-02-15 20:05:00,589 - INFO - 类型                             varchar(200)              YES       
2026-02-15 20:05:00,589 - INFO - 内容                             longtext                  YES       
2026-02-15 20:05:00,589 - INFO - 
字段统计:
2026-02-15 20:05:00,589 - INFO - ======================================================================
2026-02-15 20:05:00,589 - INFO - 字段名                            最大长度       字段类型           
2026-02-15 20:05:00,589 - INFO - ======================================================================
2026-02-15 20:05:00,589 - INFO - 原始链接                           109        varchar        
2026-02-15 20:05:00,589 - INFO - 案号                             91         varchar        
2026-02-15 20:05:00,589 - INFO - 审级                             2          varchar        
2026-02-15 20:05:00,589 - INFO - 对应分段行号                         6          varchar        
2026-02-15 20:05:00,589 - INFO - 类型                             23         varchar        
2026-02-15 20:05:00,589 - INFO - 内容                             4738       longtext       
2026-02-15 20:05:00,589 - INFO - 
字段类型统计: varchar=5, longtext=1
2026-02-15 20:05:10,533 - INFO - 开始数据录入流程，读取CSV文件: D:\这里有法_资料\文书分段\民事文书分段\2021年01月裁判文书数据_细节提取.csv
2026-02-15 20:05:10,533 - INFO - 使用已有的列映射信息，共6个字段
2026-02-15 20:05:10,533 - INFO - 连接MySQL数据库...
2026-02-15 20:05:10,934 - INFO - 开始分批次读取CSV文件...
2026-02-15 20:05:10,934 - INFO - 开始分批读取CSV文件: D:\这里有法_资料\文书分段\民事文书分段\2021年01月裁判文书数据_细节提取.csv
2026-02-15 20:05:10,979 - INFO - 读取第 1 批数据，共 20000 行
2026-02-15 20:05:10,981 - INFO - 处理第 1 批数据，共 20000 行
2026-02-15 20:05:16,291 - INFO - 已提交 20000 行数据
2026-02-15 20:05:16,325 - INFO - 读取第 2 批数据，共 20000 行
2026-02-15 20:05:16,325 - INFO - 处理第 2 批数据，共 20000 行
2026-02-15 20:05:19,907 - INFO - 已提交 40000 行数据
2026-02-15 20:05:19,939 - INFO - 读取第 3 批数据，共 20000 行
2026-02-15 20:05:19,939 - INFO - 处理第 3 批数据，共 20000 行
2026-02-15 20:05:23,761 - INFO - 已提交 60000 行数据
2026-02-15 20:05:23,793 - INFO - 读取第 4 批数据，共 20000 行
2026-02-15 20:05:23,793 - INFO - 处理第 4 批数据，共 20000 行
2026-02-15 20:05:27,287 - INFO - 已提交 80000 行数据
2026-02-15 20:05:27,329 - INFO - 读取第 5 批数据，共 20000 行
2026-02-15 20:05:27,332 - INFO - 处理第 5 批数据，共 20000 行
2026-02-15 20:05:30,875 - INFO - 已提交 100000 行数据
2026-02-15 20:05:30,919 - INFO - 读取第 6 批数据，共 20000 行
2026-02-15 20:05:30,919 - INFO - 处理第 6 批数据，共 20000 行
2026-02-15 20:05:34,554 - INFO - 已提交 120000 行数据
2026-02-15 20:05:34,582 - INFO - 读取第 7 批数据，共 20000 行
2026-02-15 20:05:34,582 - INFO - 处理第 7 批数据，共 20000 行
2026-02-15 20:05:38,038 - INFO - 已提交 140000 行数据
2026-02-15 20:05:38,082 - INFO - 读取第 8 批数据，共 20000 行
2026-02-15 20:05:38,082 - INFO - 处理第 8 批数据，共 20000 行
2026-02-15 20:05:41,624 - INFO - 已提交 160000 行数据
2026-02-15 20:05:41,662 - INFO - 读取第 9 批数据，共 20000 行
2026-02-15 20:05:41,662 - INFO - 处理第 9 批数据，共 20000 行
2026-02-15 20:05:44,990 - INFO - 已提交 180000 行数据
2026-02-15 20:05:45,037 - INFO - 读取第 10 批数据，共 20000 行
2026-02-15 20:05:45,037 - INFO - 处理第 10 批数据，共 20000 行
2026-02-15 20:05:48,515 - INFO - 已提交 200000 行数据
2026-02-15 20:05:48,546 - INFO - 读取第 11 批数据，共 20000 行
2026-02-15 20:05:48,546 - INFO - 处理第 11 批数据，共 20000 行
2026-02-15 20:05:52,063 - INFO - 已提交 220000 行数据
2026-02-15 20:05:52,094 - INFO - 读取第 12 批数据，共 20000 行
2026-02-15 20:05:52,094 - INFO - 处理第 12 批数据，共 20000 行
2026-02-15 20:05:55,414 - INFO - 已提交 240000 行数据
2026-02-15 20:05:55,460 - INFO - 读取第 13 批数据，共 20000 行
2026-02-15 20:05:55,461 - INFO - 处理第 13 批数据，共 20000 行
2026-02-15 20:05:59,130 - INFO - 已提交 260000 行数据
2026-02-15 20:05:59,178 - INFO - 读取第 14 批数据，共 20000 行
2026-02-15 20:05:59,178 - INFO - 处理第 14 批数据，共 20000 行
2026-02-15 20:06:02,608 - INFO - 已提交 280000 行数据
2026-02-15 20:06:02,639 - INFO - 读取第 15 批数据，共 20000 行
2026-02-15 20:06:02,639 - INFO - 处理第 15 批数据，共 20000 行
2026-02-15 20:06:06,584 - INFO - 已提交 300000 行数据
2026-02-15 20:06:06,632 - INFO - 读取第 16 批数据，共 20000 行
2026-02-15 20:06:06,632 - INFO - 处理第 16 批数据，共 20000 行
2026-02-15 20:06:10,092 - INFO - 已提交 320000 行数据
2026-02-15 20:06:10,116 - INFO - 读取第 17 批数据，共 20000 行
2026-02-15 20:06:10,116 - INFO - 处理第 17 批数据，共 20000 行
2026-02-15 20:06:15,389 - INFO - 已提交 340000 行数据
2026-02-15 20:06:15,426 - INFO - 读取第 18 批数据，共 20000 行
2026-02-15 20:06:15,426 - INFO - 处理第 18 批数据，共 20000 行
2026-02-15 20:06:19,058 - INFO - 已提交 360000 行数据
2026-02-15 20:06:19,113 - INFO - 读取第 19 批数据，共 20000 行
2026-02-15 20:06:19,115 - INFO - 处理第 19 批数据，共 20000 行
2026-02-15 20:06:25,497 - INFO - 已提交 380000 行数据
2026-02-15 20:06:25,556 - INFO - 读取第 20 批数据，共 20000 行
2026-02-15 20:06:25,558 - INFO - 处理第 20 批数据，共 20000 行
2026-02-15 20:06:32,400 - INFO - 已提交 400000 行数据
2026-02-15 20:06:32,476 - INFO - 读取第 21 批数据，共 20000 行
2026-02-15 20:06:32,478 - INFO - 处理第 21 批数据，共 20000 行
2026-02-15 20:06:38,615 - INFO - 已提交 420000 行数据
2026-02-15 20:06:38,683 - INFO - 读取第 22 批数据，共 20000 行
2026-02-15 20:06:38,685 - INFO - 处理第 22 批数据，共 20000 行
2026-02-15 20:06:45,907 - INFO - 已提交 440000 行数据
2026-02-15 20:06:45,962 - INFO - 读取第 23 批数据，共 20000 行
2026-02-15 20:06:45,963 - INFO - 处理第 23 批数据，共 20000 行
2026-02-15 20:06:52,540 - INFO - 已提交 460000 行数据
2026-02-15 20:06:52,607 - INFO - 读取第 24 批数据，共 20000 行
2026-02-15 20:06:52,609 - INFO - 处理第 24 批数据，共 20000 行
2026-02-15 20:06:58,854 - INFO - 已提交 480000 行数据
2026-02-15 20:06:58,904 - INFO - 读取第 25 批数据，共 20000 行
2026-02-15 20:06:58,904 - INFO - 处理第 25 批数据，共 20000 行
2026-02-15 20:07:03,777 - INFO - 已提交 500000 行数据
2026-02-15 20:07:03,808 - INFO - 读取第 26 批数据，共 20000 行
2026-02-15 20:07:03,823 - INFO - 处理第 26 批数据，共 20000 行
2026-02-15 20:07:08,549 - INFO - 已提交 520000 行数据
2026-02-15 20:07:08,596 - INFO - 读取第 27 批数据，共 20000 行
2026-02-15 20:07:08,596 - INFO - 处理第 27 批数据，共 20000 行
2026-02-15 20:07:12,317 - INFO - 已提交 540000 行数据
2026-02-15 20:07:12,367 - INFO - 读取第 28 批数据，共 20000 行
2026-02-15 20:07:12,367 - INFO - 处理第 28 批数据，共 20000 行
2026-02-15 20:07:16,114 - INFO - 已提交 560000 行数据
2026-02-15 20:07:16,164 - INFO - 读取第 29 批数据，共 20000 行
2026-02-15 20:07:16,166 - INFO - 处理第 29 批数据，共 20000 行
2026-02-15 20:07:22,874 - INFO - 已提交 580000 行数据
2026-02-15 20:07:22,949 - INFO - 读取第 30 批数据，共 20000 行
2026-02-15 20:07:22,951 - INFO - 处理第 30 批数据，共 20000 行
2026-02-15 20:07:28,506 - INFO - 已提交 600000 行数据
2026-02-15 20:07:28,547 - INFO - 读取第 31 批数据，共 20000 行
2026-02-15 20:07:28,547 - INFO - 处理第 31 批数据，共 20000 行
2026-02-15 20:07:32,311 - INFO - 已提交 620000 行数据
2026-02-15 20:07:32,384 - INFO - 读取第 32 批数据，共 20000 行
2026-02-15 20:07:32,385 - INFO - 处理第 32 批数据，共 20000 行
2026-02-15 20:07:39,457 - INFO - 已提交 640000 行数据
2026-02-15 20:07:39,543 - INFO - 读取第 33 批数据，共 20000 行
2026-02-15 20:07:39,544 - INFO - 处理第 33 批数据，共 20000 行
2026-02-15 20:07:46,002 - INFO - 已提交 660000 行数据
2026-02-15 20:07:46,074 - INFO - 读取第 34 批数据，共 20000 行
2026-02-15 20:07:46,075 - INFO - 处理第 34 批数据，共 20000 行
2026-02-15 20:07:52,285 - INFO - 已提交 680000 行数据
2026-02-15 20:07:52,358 - INFO - 读取第 35 批数据，共 20000 行
2026-02-15 20:07:52,359 - INFO - 处理第 35 批数据，共 20000 行
2026-02-15 20:07:58,724 - INFO - 已提交 700000 行数据
2026-02-15 20:07:58,794 - INFO - 读取第 36 批数据，共 20000 行
2026-02-15 20:07:58,796 - INFO - 处理第 36 批数据，共 20000 行
2026-02-15 20:08:05,643 - INFO - 已提交 720000 行数据
2026-02-15 20:08:05,713 - INFO - 读取第 37 批数据，共 20000 行
2026-02-15 20:08:05,714 - INFO - 处理第 37 批数据，共 20000 行
2026-02-15 20:08:11,960 - INFO - 已提交 740000 行数据
2026-02-15 20:08:12,028 - INFO - 读取第 38 批数据，共 20000 行
2026-02-15 20:08:12,028 - INFO - 处理第 38 批数据，共 20000 行
2026-02-15 20:08:18,356 - INFO - 已提交 760000 行数据
2026-02-15 20:08:18,429 - INFO - 读取第 39 批数据，共 20000 行
2026-02-15 20:08:18,431 - INFO - 处理第 39 批数据，共 20000 行
2026-02-15 20:08:24,706 - INFO - 已提交 780000 行数据
2026-02-15 20:08:24,784 - INFO - 读取第 40 批数据，共 20000 行
2026-02-15 20:08:24,786 - INFO - 处理第 40 批数据，共 20000 行
2026-02-15 20:08:29,850 - INFO - 已提交 800000 行数据
2026-02-15 20:08:29,879 - INFO - 读取第 41 批数据，共 20000 行
2026-02-15 20:08:29,879 - INFO - 处理第 41 批数据，共 20000 行
2026-02-15 20:08:33,780 - INFO - 已提交 820000 行数据
2026-02-15 20:08:33,807 - INFO - 读取第 42 批数据，共 20000 行
2026-02-15 20:08:33,807 - INFO - 处理第 42 批数据，共 20000 行
2026-02-15 20:08:38,076 - INFO - 已提交 840000 行数据
2026-02-15 20:08:38,141 - INFO - 读取第 43 批数据，共 20000 行
2026-02-15 20:08:38,141 - INFO - 处理第 43 批数据，共 20000 行
2026-02-15 20:08:44,371 - INFO - 已提交 860000 行数据
2026-02-15 20:08:44,451 - INFO - 读取第 44 批数据，共 20000 行
2026-02-15 20:08:44,453 - INFO - 处理第 44 批数据，共 20000 行
2026-02-15 20:08:50,593 - INFO - 已提交 880000 行数据
2026-02-15 20:08:50,658 - INFO - 读取第 45 批数据，共 20000 行
2026-02-15 20:08:50,660 - INFO - 处理第 45 批数据，共 20000 行
2026-02-15 20:08:56,929 - INFO - 已提交 900000 行数据
2026-02-15 20:08:56,995 - INFO - 读取第 46 批数据，共 20000 行
2026-02-15 20:08:56,996 - INFO - 处理第 46 批数据，共 20000 行
2026-02-15 20:09:02,786 - INFO - 已提交 920000 行数据
2026-02-15 20:09:02,847 - INFO - 读取第 47 批数据，共 20000 行
2026-02-15 20:09:02,847 - INFO - 处理第 47 批数据，共 20000 行
2026-02-15 20:09:09,989 - INFO - 已提交 940000 行数据
2026-02-15 20:09:10,053 - INFO - 读取第 48 批数据，共 20000 行
2026-02-15 20:09:10,053 - INFO - 处理第 48 批数据，共 20000 行
2026-02-15 20:09:17,670 - INFO - 已提交 960000 行数据
2026-02-15 20:09:17,738 - INFO - 读取第 49 批数据，共 20000 行
2026-02-15 20:09:17,739 - INFO - 处理第 49 批数据，共 20000 行
2026-02-15 20:09:24,391 - INFO - 已提交 980000 行数据
2026-02-15 20:09:24,453 - INFO - 读取第 50 批数据，共 20000 行
2026-02-15 20:09:24,453 - INFO - 处理第 50 批数据，共 20000 行
2026-02-15 20:09:30,940 - INFO - 已提交 1000000 行数据
2026-02-15 20:09:31,002 - INFO - 读取第 51 批数据，共 20000 行
2026-02-15 20:09:31,003 - INFO - 处理第 51 批数据，共 20000 行
2026-02-15 20:09:37,376 - INFO - 已提交 1020000 行数据
2026-02-15 20:09:37,443 - INFO - 读取第 52 批数据，共 20000 行
2026-02-15 20:09:37,444 - INFO - 处理第 52 批数据，共 20000 行
2026-02-15 20:09:42,596 - INFO - 已提交 1040000 行数据
2026-02-15 20:09:42,679 - INFO - 读取第 53 批数据，共 20000 行
2026-02-15 20:09:42,681 - INFO - 处理第 53 批数据，共 20000 行
2026-02-15 20:09:49,085 - INFO - 已提交 1060000 行数据
2026-02-15 20:09:49,149 - INFO - 读取第 54 批数据，共 20000 行
2026-02-15 20:09:49,149 - INFO - 处理第 54 批数据，共 20000 行
2026-02-15 20:09:53,566 - INFO - 已提交 1080000 行数据
2026-02-15 20:09:53,614 - INFO - 读取第 55 批数据，共 20000 行
2026-02-15 20:09:53,614 - INFO - 处理第 55 批数据，共 20000 行
2026-02-15 20:09:57,222 - INFO - 已提交 1100000 行数据
2026-02-15 20:09:57,254 - INFO - 读取第 56 批数据，共 20000 行
2026-02-15 20:09:57,254 - INFO - 处理第 56 批数据，共 20000 行
2026-02-15 20:10:01,129 - INFO - 已提交 1120000 行数据
2026-02-15 20:10:01,152 - INFO - 读取第 57 批数据，共 20000 行
2026-02-15 20:10:01,152 - INFO - 处理第 57 批数据，共 20000 行
2026-02-15 20:10:05,127 - INFO - 已提交 1140000 行数据
2026-02-15 20:10:05,159 - INFO - 读取第 58 批数据，共 20000 行
2026-02-15 20:10:05,159 - INFO - 处理第 58 批数据，共 20000 行
2026-02-15 20:10:08,784 - INFO - 已提交 1160000 行数据
2026-02-15 20:10:08,817 - INFO - 读取第 59 批数据，共 20000 行
2026-02-15 20:10:08,817 - INFO - 处理第 59 批数据，共 20000 行
2026-02-15 20:10:12,429 - INFO - 已提交 1180000 行数据
2026-02-15 20:10:12,460 - INFO - 读取第 60 批数据，共 20000 行
2026-02-15 20:10:12,460 - INFO - 处理第 60 批数据，共 20000 行
2026-02-15 20:10:16,122 - INFO - 已提交 1200000 行数据
2026-02-15 20:10:16,155 - INFO - 读取第 61 批数据，共 20000 行
2026-02-15 20:10:16,155 - INFO - 处理第 61 批数据，共 20000 行
2026-02-15 20:10:20,006 - INFO - 已提交 1220000 行数据
2026-02-15 20:10:20,054 - INFO - 读取第 62 批数据，共 20000 行
2026-02-15 20:10:20,054 - INFO - 处理第 62 批数据，共 20000 行
2026-02-15 20:10:24,916 - INFO - 已提交 1240000 行数据
2026-02-15 20:10:24,964 - INFO - 读取第 63 批数据，共 20000 行
2026-02-15 20:10:24,964 - INFO - 处理第 63 批数据，共 20000 行
2026-02-15 20:10:29,489 - INFO - 已提交 1260000 行数据
2026-02-15 20:10:29,515 - INFO - 读取第 64 批数据，共 20000 行
2026-02-15 20:10:29,515 - INFO - 处理第 64 批数据，共 20000 行
2026-02-15 20:10:33,706 - INFO - 已提交 1280000 行数据
2026-02-15 20:10:33,738 - INFO - 读取第 65 批数据，共 20000 行
2026-02-15 20:10:33,738 - INFO - 处理第 65 批数据，共 20000 行
2026-02-15 20:10:37,743 - INFO - 已提交 1300000 行数据
2026-02-15 20:10:37,775 - INFO - 读取第 66 批数据，共 20000 行
2026-02-15 20:10:37,775 - INFO - 处理第 66 批数据，共 20000 行
2026-02-15 20:10:41,936 - INFO - 已提交 1320000 行数据
2026-02-15 20:10:41,967 - INFO - 读取第 67 批数据，共 20000 行
2026-02-15 20:10:41,967 - INFO - 处理第 67 批数据，共 20000 行
2026-02-15 20:10:46,325 - INFO - 已提交 1340000 行数据
2026-02-15 20:10:46,364 - INFO - 读取第 68 批数据，共 20000 行
2026-02-15 20:10:46,364 - INFO - 处理第 68 批数据，共 20000 行
2026-02-15 20:10:52,688 - INFO - 已提交 1360000 行数据
2026-02-15 20:10:52,720 - INFO - 读取第 69 批数据，共 20000 行
2026-02-15 20:10:52,720 - INFO - 处理第 69 批数据，共 20000 行
2026-02-15 20:10:56,950 - INFO - 已提交 1380000 行数据
2026-02-15 20:10:56,982 - INFO - 读取第 70 批数据，共 20000 行
2026-02-15 20:10:56,982 - INFO - 处理第 70 批数据，共 20000 行
2026-02-15 20:11:01,108 - INFO - 已提交 1400000 行数据
2026-02-15 20:11:01,150 - INFO - 读取第 71 批数据，共 20000 行
2026-02-15 20:11:01,150 - INFO - 处理第 71 批数据，共 20000 行
2026-02-15 20:11:05,122 - INFO - 已提交 1420000 行数据
2026-02-15 20:11:05,173 - INFO - 读取第 72 批数据，共 20000 行
2026-02-15 20:11:05,173 - INFO - 处理第 72 批数据，共 20000 行
2026-02-15 20:11:11,077 - INFO - 已提交 1440000 行数据
2026-02-15 20:11:11,119 - INFO - 读取第 73 批数据，共 18943 行
2026-02-15 20:11:11,121 - INFO - 处理第 73 批数据，共 18943 行
2026-02-15 20:11:15,287 - INFO - 数据录入完成，成功插入 1458943 行，跳过 0 行
2026-02-15 20:11:18,162 - INFO - 表 '2_2Civil_label' 现在共有 1458943 行数据
2026-02-15 20:15:42,016 - INFO - 开始建表流程，读取CSV文件: D:\这里有法_资料\文书分段\行政文书分段\重构_1-100_分块结果.csv
2026-02-15 20:16:02,519 - INFO - CSV文件读取成功，共133136行，14列
2026-02-15 20:16:02,519 - INFO - 需要处理的CSV列数: 14
2026-02-15 20:16:02,519 - INFO - CSV列 1: '序号' -> MySQL字段 '序号'
2026-02-15 20:16:02,519 - INFO - CSV列 2: '案号' -> MySQL字段 '案号'
2026-02-15 20:16:02,519 - INFO - CSV列 3: '原文' -> MySQL字段 '原文'
2026-02-15 20:16:02,519 - INFO - CSV列 4: '当事人基本信息' -> MySQL字段 '当事人基本信息'
2026-02-15 20:16:02,519 - INFO - CSV列 5: '诉讼经过' -> MySQL字段 '诉讼经过'
2026-02-15 20:16:02,519 - INFO - CSV列 6: '被诉行政行为概述' -> MySQL字段 '被诉行政行为概述'
2026-02-15 20:16:02,519 - INFO - CSV列 7: '原告段' -> MySQL字段 '原告段'
2026-02-15 20:16:02,529 - INFO - CSV列 8: '被告段' -> MySQL字段 '被告段'
2026-02-15 20:16:02,529 - INFO - CSV列 9: '第三人段' -> MySQL字段 '第三人段'
2026-02-15 20:16:02,529 - INFO - CSV列 10: '当事人质证' -> MySQL字段 '当事人质证'
2026-02-15 20:16:02,529 - INFO - CSV列 11: '事实段' -> MySQL字段 '事实段'
2026-02-15 20:16:02,529 - INFO - CSV列 12: '说理段' -> MySQL字段 '说理段'
2026-02-15 20:16:02,529 - INFO - CSV列 13: '判决主文' -> MySQL字段 '判决主文'
2026-02-15 20:16:02,529 - INFO - CSV列 14: '尾部' -> MySQL字段 '尾部'
2026-02-15 20:16:02,814 - INFO - 字段 '序号' 最大长度（清理后）: 6
2026-02-15 20:16:03,103 - INFO - 字段 '案号' 最大长度（清理后）: 33
2026-02-15 20:16:21,319 - INFO - 字段 '原文' 最大长度（清理后）: 48365
2026-02-15 20:16:23,744 - INFO - 字段 '当事人基本信息' 最大长度（清理后）: 31343
2026-02-15 20:16:24,889 - INFO - 字段 '诉讼经过' 最大长度（清理后）: 13485
2026-02-15 20:16:28,195 - INFO - 字段 '被诉行政行为概述' 最大长度（清理后）: 16451
2026-02-15 20:16:30,569 - INFO - 字段 '原告段' 最大长度（清理后）: 17756
2026-02-15 20:16:31,715 - INFO - 字段 '被告段' 最大长度（清理后）: 38726
2026-02-15 20:16:32,144 - INFO - 字段 '第三人段' 最大长度（清理后）: 23290
2026-02-15 20:16:35,706 - INFO - 字段 '当事人质证' 最大长度（清理后）: 30578
2026-02-15 20:16:38,054 - INFO - 字段 '事实段' 最大长度（清理后）: 13938
2026-02-15 20:16:40,267 - INFO - 字段 '说理段' 最大长度（清理后）: 9390
2026-02-15 20:16:41,433 - INFO - 字段 '判决主文' 最大长度（清理后）: 28356
2026-02-15 20:16:42,618 - INFO - 字段 '尾部' 最大长度（清理后）: 37937
2026-02-15 20:16:42,634 - INFO - 连接MySQL数据库...
2026-02-15 20:16:42,967 - INFO - 创建MySQL表...
2026-02-15 20:16:42,967 - INFO - 建表SQL:
CREATE TABLE 2_1Admin_document (
    序号 varchar(50),
    案号 varchar(200),
    原文 longtext,
    当事人基本信息 longtext,
    诉讼经过 longtext,
    被诉行政行为概述 longtext,
    原告段 longtext,
    被告段 longtext,
    第三人段 longtext,
    当事人质证 longtext,
    事实段 longtext,
    说理段 longtext,
    判决主文 longtext,
    尾部 longtext
) ENGINE=InnoDB DEFAULT CHARSET=utf8mb4 COLLATE=utf8mb4_unicode_ci;
2026-02-15 20:16:43,254 - INFO - 在字段 '序号' 上创建索引
2026-02-15 20:16:43,285 - INFO - 表 '2_1Admin_document' 创建成功！
2026-02-15 20:16:43,303 - INFO - 列映射信息已保存到 column_mapping.json
2026-02-15 20:16:43,349 - INFO - 
表结构:
2026-02-15 20:16:43,349 - INFO - ==========================================================================================
2026-02-15 20:16:43,349 - INFO - 字段名                            类型                        允许空       
2026-02-15 20:16:43,349 - INFO - ==========================================================================================
2026-02-15 20:16:43,349 - INFO - 序号                             varchar(50)               YES       
2026-02-15 20:16:43,349 - INFO - 案号                             varchar(200)              YES       
2026-02-15 20:16:43,349 - INFO - 原文                             longtext                  YES       
2026-02-15 20:16:43,365 - INFO - 当事人基本信息                        longtext                  YES       
2026-02-15 20:16:43,365 - INFO - 诉讼经过                           longtext                  YES       
2026-02-15 20:16:43,365 - INFO - 被诉行政行为概述                       longtext                  YES       
2026-02-15 20:16:43,365 - INFO - 原告段                            longtext                  YES       
2026-02-15 20:16:43,365 - INFO - 被告段                            longtext                  YES       
2026-02-15 20:16:43,365 - INFO - 第三人段                           longtext                  YES       
2026-02-15 20:16:43,365 - INFO - 当事人质证                          longtext                  YES       
2026-02-15 20:16:43,365 - INFO - 事实段                            longtext                  YES       
2026-02-15 20:16:43,365 - INFO - 说理段                            longtext                  YES       
2026-02-15 20:16:43,365 - INFO - 判决主文                           longtext                  YES       
2026-02-15 20:16:43,365 - INFO - 尾部                             longtext                  YES       
2026-02-15 20:16:43,365 - INFO - 
字段统计:
2026-02-15 20:16:43,365 - INFO - ======================================================================
2026-02-15 20:16:43,365 - INFO - 字段名                            最大长度       字段类型           
2026-02-15 20:16:43,365 - INFO - ======================================================================
2026-02-15 20:16:43,365 - INFO - 序号                             6          varchar        
2026-02-15 20:16:43,365 - INFO - 案号                             33         varchar        
2026-02-15 20:16:43,365 - INFO - 原文                             48365      longtext       
2026-02-15 20:16:43,365 - INFO - 当事人基本信息                        31343      longtext       
2026-02-15 20:16:43,365 - INFO - 诉讼经过                           13485      longtext       
2026-02-15 20:16:43,365 - INFO - 被诉行政行为概述                       16451      longtext       
2026-02-15 20:16:43,365 - INFO - 原告段                            17756      longtext       
2026-02-15 20:16:43,365 - INFO - 被告段                            38726      longtext       
2026-02-15 20:16:43,365 - INFO - 第三人段                           23290      longtext       
2026-02-15 20:16:43,365 - INFO - 当事人质证                          30578      longtext       
2026-02-15 20:16:43,381 - INFO - 事实段                            13938      longtext       
2026-02-15 20:16:43,381 - INFO - 说理段                            9390       longtext       
2026-02-15 20:16:43,381 - INFO - 判决主文                           28356      longtext       
2026-02-15 20:16:43,381 - INFO - 尾部                             37937      longtext       
2026-02-15 20:16:43,381 - INFO - 
字段类型统计: varchar=2, longtext=12
2026-02-15 20:16:53,620 - INFO - 开始数据录入流程，读取CSV文件: D:\这里有法_资料\文书分段\行政文书分段\重构_1-100_分块结果.csv
2026-02-15 20:16:53,620 - INFO - 使用已有的列映射信息，共14个字段
2026-02-15 20:16:53,620 - INFO - 连接MySQL数据库...
2026-02-15 20:16:54,012 - INFO - 开始分批次读取CSV文件...
2026-02-15 20:16:54,012 - INFO - 开始分批读取CSV文件: D:\这里有法_资料\文书分段\行政文书分段\重构_1-100_分块结果.csv
2026-02-15 20:16:58,557 - INFO - 读取第 1 批数据，共 20000 行
2026-02-15 20:16:58,557 - INFO - 处理第 1 批数据，共 20000 行
2026-02-15 20:20:26,445 - INFO - 已提交 20000 行数据
2026-02-15 20:20:29,672 - INFO - 读取第 2 批数据，共 20000 行
2026-02-15 20:20:29,672 - INFO - 处理第 2 批数据，共 20000 行
2026-02-15 20:24:11,997 - INFO - 已提交 40000 行数据
2026-02-15 20:24:15,322 - INFO - 读取第 3 批数据，共 20000 行
2026-02-15 20:24:15,322 - INFO - 处理第 3 批数据，共 20000 行
2026-02-15 20:27:36,131 - INFO - 已提交 60000 行数据
2026-02-15 20:27:39,172 - INFO - 读取第 4 批数据，共 20000 行
2026-02-15 20:27:39,172 - INFO - 处理第 4 批数据，共 20000 行
2026-02-15 20:31:01,562 - INFO - 已提交 80000 行数据
2026-02-15 20:31:05,452 - INFO - 读取第 5 批数据，共 20000 行
2026-02-15 20:31:05,454 - INFO - 处理第 5 批数据，共 20000 行
2026-02-15 20:34:08,457 - INFO - 已提交 100000 行数据
2026-02-15 20:34:12,558 - INFO - 读取第 6 批数据，共 20000 行
2026-02-15 20:34:12,558 - INFO - 处理第 6 批数据，共 20000 行
2026-02-15 20:37:24,843 - INFO - 已提交 120000 行数据
2026-02-15 20:37:27,023 - INFO - 读取第 7 批数据，共 13136 行
2026-02-15 20:37:27,023 - INFO - 处理第 7 批数据，共 13136 行
2026-02-15 20:39:33,529 - INFO - 数据录入完成，成功插入 133136 行，跳过 0 行
2026-02-15 20:39:33,707 - INFO - 表 '2_1Admin_document' 现在共有 133136 行数据
2026-02-15 20:47:15,513 - INFO - 开始建表流程，读取CSV文件: D:\这里有法_资料\文书分段\行政文书分段\重构_1-100_标签提取.csv
2026-02-15 20:47:23,798 - INFO - CSV文件读取成功，共5516954行，5列
2026-02-15 20:47:23,798 - INFO - 需要处理的CSV列数: 5
2026-02-15 20:47:23,798 - INFO - CSV列 1: '序号' -> MySQL字段 '序号'
2026-02-15 20:47:23,798 - INFO - CSV列 2: '案号' -> MySQL字段 '案号'
2026-02-15 20:47:23,798 - INFO - CSV列 3: '所属段落' -> MySQL字段 '所属段落'
2026-02-15 20:47:23,798 - INFO - CSV列 4: '类型' -> MySQL字段 '类型'
2026-02-15 20:47:23,798 - INFO - CSV列 5: '内容' -> MySQL字段 '内容'
2026-02-15 20:47:37,103 - INFO - 字段 '序号' 最大长度（清理后）: 6
2026-02-15 20:47:49,912 - INFO - 字段 '案号' 最大长度（清理后）: 33
2026-02-15 20:48:00,793 - INFO - 字段 '所属段落' 最大长度（清理后）: 8
2026-02-15 20:48:12,072 - INFO - 字段 '类型' 最大长度（清理后）: 14
2026-02-15 20:48:27,666 - INFO - 字段 '内容' 最大长度（清理后）: 2003
2026-02-15 20:48:27,666 - INFO - 连接MySQL数据库...
2026-02-15 20:48:28,066 - INFO - 创建MySQL表...
2026-02-15 20:48:28,066 - INFO - 建表SQL:
CREATE TABLE 2_2Admin_label (
    序号 varchar(50),
    案号 varchar(200),
    所属段落 varchar(50),
    类型 varchar(50),
    内容 longtext
) ENGINE=InnoDB DEFAULT CHARSET=utf8mb4 COLLATE=utf8mb4_unicode_ci;
2026-02-15 20:48:28,306 - INFO - 在字段 '序号' 上创建索引
2026-02-15 20:48:28,354 - INFO - 表 '2_2Admin_label' 创建成功！
2026-02-15 20:48:28,362 - INFO - 列映射信息已保存到 column_mapping.json
2026-02-15 20:48:28,419 - INFO - 
表结构:
2026-02-15 20:48:28,419 - INFO - ==========================================================================================
2026-02-15 20:48:28,425 - INFO - 字段名                            类型                        允许空       
2026-02-15 20:48:28,425 - INFO - ==========================================================================================
2026-02-15 20:48:28,425 - INFO - 序号                             varchar(50)               YES       
2026-02-15 20:48:28,425 - INFO - 案号                             varchar(200)              YES       
2026-02-15 20:48:28,425 - INFO - 所属段落                           varchar(50)               YES       
2026-02-15 20:48:28,425 - INFO - 类型                             varchar(50)               YES       
2026-02-15 20:48:28,425 - INFO - 内容                             longtext                  YES       
2026-02-15 20:48:28,425 - INFO - 
字段统计:
2026-02-15 20:48:28,425 - INFO - ======================================================================
2026-02-15 20:48:28,425 - INFO - 字段名                            最大长度       字段类型           
2026-02-15 20:48:28,425 - INFO - ======================================================================
2026-02-15 20:48:28,425 - INFO - 序号                             6          varchar        
2026-02-15 20:48:28,425 - INFO - 案号                             33         varchar        
2026-02-15 20:48:28,435 - INFO - 所属段落                           8          varchar        
2026-02-15 20:48:28,435 - INFO - 类型                             14         varchar        
2026-02-15 20:48:28,435 - INFO - 内容                             2003       longtext       
2026-02-15 20:48:28,435 - INFO - 
字段类型统计: varchar=4, longtext=1
2026-02-15 20:50:49,943 - INFO - 开始数据录入流程，读取CSV文件: D:\这里有法_资料\文书分段\行政文书分段\重构_1-100_标签提取.csv
2026-02-15 20:50:49,959 - INFO - 使用已有的列映射信息，共5个字段
2026-02-15 20:50:49,959 - INFO - 连接MySQL数据库...
2026-02-15 20:50:50,379 - INFO - 开始分批次读取CSV文件...
2026-02-15 20:50:50,393 - INFO - 开始分批读取CSV文件: D:\这里有法_资料\文书分段\行政文书分段\重构_1-100_标签提取.csv
2026-02-15 20:50:50,425 - INFO - 读取第 1 批数据，共 20000 行
2026-02-15 20:50:50,425 - INFO - 处理第 1 批数据，共 20000 行
2026-02-15 20:50:53,864 - INFO - 已提交 20000 行数据
2026-02-15 20:50:53,896 - INFO - 读取第 2 批数据，共 20000 行
2026-02-15 20:50:53,896 - INFO - 处理第 2 批数据，共 20000 行
2026-02-15 20:50:56,876 - INFO - 已提交 40000 行数据
2026-02-15 20:50:56,924 - INFO - 读取第 3 批数据，共 20000 行
2026-02-15 20:50:56,924 - INFO - 处理第 3 批数据，共 20000 行
2026-02-15 20:50:59,746 - INFO - 已提交 60000 行数据
2026-02-15 20:50:59,786 - INFO - 读取第 4 批数据，共 20000 行
2026-02-15 20:50:59,786 - INFO - 处理第 4 批数据，共 20000 行
2026-02-15 20:51:02,719 - INFO - 已提交 80000 行数据
2026-02-15 20:51:02,767 - INFO - 读取第 5 批数据，共 20000 行
2026-02-15 20:51:02,767 - INFO - 处理第 5 批数据，共 20000 行
2026-02-15 20:51:05,624 - INFO - 已提交 100000 行数据
2026-02-15 20:51:05,663 - INFO - 读取第 6 批数据，共 20000 行
2026-02-15 20:51:05,663 - INFO - 处理第 6 批数据，共 20000 行
2026-02-15 20:51:08,414 - INFO - 已提交 120000 行数据
2026-02-15 20:51:08,448 - INFO - 读取第 7 批数据，共 20000 行
2026-02-15 20:51:08,448 - INFO - 处理第 7 批数据，共 20000 行
2026-02-15 20:51:11,264 - INFO - 已提交 140000 行数据
2026-02-15 20:51:11,306 - INFO - 读取第 8 批数据，共 20000 行
2026-02-15 20:51:11,306 - INFO - 处理第 8 批数据，共 20000 行
2026-02-15 20:51:14,020 - INFO - 已提交 160000 行数据
2026-02-15 20:51:14,057 - INFO - 读取第 9 批数据，共 20000 行
2026-02-15 20:51:14,057 - INFO - 处理第 9 批数据，共 20000 行
2026-02-15 20:51:17,952 - INFO - 已提交 180000 行数据
2026-02-15 20:51:18,001 - INFO - 读取第 10 批数据，共 20000 行
2026-02-15 20:51:18,001 - INFO - 处理第 10 批数据，共 20000 行
2026-02-15 20:51:21,940 - INFO - 已提交 200000 行数据
2026-02-15 20:51:21,978 - INFO - 读取第 11 批数据，共 20000 行
2026-02-15 20:51:21,978 - INFO - 处理第 11 批数据，共 20000 行
2026-02-15 20:51:25,063 - INFO - 已提交 220000 行数据
2026-02-15 20:51:25,094 - INFO - 读取第 12 批数据，共 20000 行
2026-02-15 20:51:25,094 - INFO - 处理第 12 批数据，共 20000 行
2026-02-15 20:51:27,881 - INFO - 已提交 240000 行数据
2026-02-15 20:51:27,933 - INFO - 读取第 13 批数据，共 20000 行
2026-02-15 20:51:27,933 - INFO - 处理第 13 批数据，共 20000 行
2026-02-15 20:51:30,650 - INFO - 已提交 260000 行数据
2026-02-15 20:51:30,698 - INFO - 读取第 14 批数据，共 20000 行
2026-02-15 20:51:30,698 - INFO - 处理第 14 批数据，共 20000 行
2026-02-15 20:51:33,562 - INFO - 已提交 280000 行数据
2026-02-15 20:51:33,608 - INFO - 读取第 15 批数据，共 20000 行
2026-02-15 20:51:33,608 - INFO - 处理第 15 批数据，共 20000 行
2026-02-15 20:51:36,605 - INFO - 已提交 300000 行数据
2026-02-15 20:51:36,655 - INFO - 读取第 16 批数据，共 20000 行
2026-02-15 20:51:36,655 - INFO - 处理第 16 批数据，共 20000 行
2026-02-15 20:51:40,647 - INFO - 已提交 320000 行数据
2026-02-15 20:51:40,694 - INFO - 读取第 17 批数据，共 20000 行
2026-02-15 20:51:40,694 - INFO - 处理第 17 批数据，共 20000 行
2026-02-15 20:51:43,588 - INFO - 已提交 340000 行数据
2026-02-15 20:51:43,625 - INFO - 读取第 18 批数据，共 20000 行
2026-02-15 20:51:43,625 - INFO - 处理第 18 批数据，共 20000 行
2026-02-15 20:51:46,676 - INFO - 已提交 360000 行数据
2026-02-15 20:51:46,708 - INFO - 读取第 19 批数据，共 20000 行
2026-02-15 20:51:46,708 - INFO - 处理第 19 批数据，共 20000 行
2026-02-15 20:51:50,079 - INFO - 已提交 380000 行数据
2026-02-15 20:51:50,126 - INFO - 读取第 20 批数据，共 20000 行
2026-02-15 20:51:50,126 - INFO - 处理第 20 批数据，共 20000 行
2026-02-15 20:51:52,857 - INFO - 已提交 400000 行数据
2026-02-15 20:51:52,900 - INFO - 读取第 21 批数据，共 20000 行
2026-02-15 20:51:52,902 - INFO - 处理第 21 批数据，共 20000 行
2026-02-15 20:51:55,714 - INFO - 已提交 420000 行数据
2026-02-15 20:51:55,761 - INFO - 读取第 22 批数据，共 20000 行
2026-02-15 20:51:55,761 - INFO - 处理第 22 批数据，共 20000 行
2026-02-15 20:51:58,626 - INFO - 已提交 440000 行数据
2026-02-15 20:51:58,670 - INFO - 读取第 23 批数据，共 20000 行
2026-02-15 20:51:58,670 - INFO - 处理第 23 批数据，共 20000 行
2026-02-15 20:52:01,501 - INFO - 已提交 460000 行数据
2026-02-15 20:52:01,535 - INFO - 读取第 24 批数据，共 20000 行
2026-02-15 20:52:01,535 - INFO - 处理第 24 批数据，共 20000 行
2026-02-15 20:52:05,002 - INFO - 已提交 480000 行数据
2026-02-15 20:52:05,048 - INFO - 读取第 25 批数据，共 20000 行
2026-02-15 20:52:05,048 - INFO - 处理第 25 批数据，共 20000 行
2026-02-15 20:52:07,892 - INFO - 已提交 500000 行数据
2026-02-15 20:52:07,924 - INFO - 读取第 26 批数据，共 20000 行
2026-02-15 20:52:07,924 - INFO - 处理第 26 批数据，共 20000 行
2026-02-15 20:52:10,733 - INFO - 已提交 520000 行数据
2026-02-15 20:52:10,776 - INFO - 读取第 27 批数据，共 20000 行
2026-02-15 20:52:10,778 - INFO - 处理第 27 批数据，共 20000 行
2026-02-15 20:52:13,593 - INFO - 已提交 540000 行数据
2026-02-15 20:52:13,637 - INFO - 读取第 28 批数据，共 20000 行
2026-02-15 20:52:13,637 - INFO - 处理第 28 批数据，共 20000 行
2026-02-15 20:52:16,432 - INFO - 已提交 560000 行数据
2026-02-15 20:52:16,471 - INFO - 读取第 29 批数据，共 20000 行
2026-02-15 20:52:16,471 - INFO - 处理第 29 批数据，共 20000 行
2026-02-15 20:52:19,397 - INFO - 已提交 580000 行数据
2026-02-15 20:52:19,429 - INFO - 读取第 30 批数据，共 20000 行
2026-02-15 20:52:19,429 - INFO - 处理第 30 批数据，共 20000 行
2026-02-15 20:52:23,507 - INFO - 已提交 600000 行数据
2026-02-15 20:52:23,546 - INFO - 读取第 31 批数据，共 20000 行
2026-02-15 20:52:23,548 - INFO - 处理第 31 批数据，共 20000 行
2026-02-15 20:52:27,010 - INFO - 已提交 620000 行数据
2026-02-15 20:52:27,042 - INFO - 读取第 32 批数据，共 20000 行
2026-02-15 20:52:27,057 - INFO - 处理第 32 批数据，共 20000 行
2026-02-15 20:52:29,809 - INFO - 已提交 640000 行数据
2026-02-15 20:52:29,855 - INFO - 读取第 33 批数据，共 20000 行
2026-02-15 20:52:29,855 - INFO - 处理第 33 批数据，共 20000 行
2026-02-15 20:52:32,794 - INFO - 已提交 660000 行数据
2026-02-15 20:52:32,840 - INFO - 读取第 34 批数据，共 20000 行
2026-02-15 20:52:32,840 - INFO - 处理第 34 批数据，共 20000 行
2026-02-15 20:52:36,086 - INFO - 已提交 680000 行数据
2026-02-15 20:52:36,132 - INFO - 读取第 35 批数据，共 20000 行
2026-02-15 20:52:36,132 - INFO - 处理第 35 批数据，共 20000 行
2026-02-15 20:52:39,057 - INFO - 已提交 700000 行数据
2026-02-15 20:52:39,105 - INFO - 读取第 36 批数据，共 20000 行
2026-02-15 20:52:39,109 - INFO - 处理第 36 批数据，共 20000 行
2026-02-15 20:52:42,096 - INFO - 已提交 720000 行数据
2026-02-15 20:52:42,130 - INFO - 读取第 37 批数据，共 20000 行
2026-02-15 20:52:42,130 - INFO - 处理第 37 批数据，共 20000 行
2026-02-15 20:52:44,879 - INFO - 已提交 740000 行数据
2026-02-15 20:52:44,911 - INFO - 读取第 38 批数据，共 20000 行
2026-02-15 20:52:44,911 - INFO - 处理第 38 批数据，共 20000 行
2026-02-15 20:52:48,249 - INFO - 已提交 760000 行数据
2026-02-15 20:52:48,290 - INFO - 读取第 39 批数据，共 20000 行
2026-02-15 20:52:48,290 - INFO - 处理第 39 批数据，共 20000 行
2026-02-15 20:52:51,124 - INFO - 已提交 780000 行数据
2026-02-15 20:52:51,155 - INFO - 读取第 40 批数据，共 20000 行
2026-02-15 20:52:51,155 - INFO - 处理第 40 批数据，共 20000 行
2026-02-15 20:52:54,119 - INFO - 已提交 800000 行数据
2026-02-15 20:52:54,163 - INFO - 读取第 41 批数据，共 20000 行
2026-02-15 20:52:54,163 - INFO - 处理第 41 批数据，共 20000 行
2026-02-15 20:52:57,132 - INFO - 已提交 820000 行数据
2026-02-15 20:52:57,164 - INFO - 读取第 42 批数据，共 20000 行
2026-02-15 20:52:57,164 - INFO - 处理第 42 批数据，共 20000 行
2026-02-15 20:53:00,059 - INFO - 已提交 840000 行数据
2026-02-15 20:53:00,090 - INFO - 读取第 43 批数据，共 20000 行
2026-02-15 20:53:00,090 - INFO - 处理第 43 批数据，共 20000 行
2026-02-15 20:53:03,620 - INFO - 已提交 860000 行数据
2026-02-15 20:53:03,669 - INFO - 读取第 44 批数据，共 20000 行
2026-02-15 20:53:03,669 - INFO - 处理第 44 批数据，共 20000 行
2026-02-15 20:53:06,459 - INFO - 已提交 880000 行数据
2026-02-15 20:53:06,497 - INFO - 读取第 45 批数据，共 20000 行
2026-02-15 20:53:06,497 - INFO - 处理第 45 批数据，共 20000 行
2026-02-15 20:53:09,362 - INFO - 已提交 900000 行数据
2026-02-15 20:53:09,391 - INFO - 读取第 46 批数据，共 20000 行
2026-02-15 20:53:09,391 - INFO - 处理第 46 批数据，共 20000 行
2026-02-15 20:53:12,315 - INFO - 已提交 920000 行数据
2026-02-15 20:53:12,352 - INFO - 读取第 47 批数据，共 20000 行
2026-02-15 20:53:12,352 - INFO - 处理第 47 批数据，共 20000 行
2026-02-15 20:53:15,046 - INFO - 已提交 940000 行数据
2026-02-15 20:53:15,094 - INFO - 读取第 48 批数据，共 20000 行
2026-02-15 20:53:15,094 - INFO - 处理第 48 批数据，共 20000 行
2026-02-15 20:53:18,786 - INFO - 已提交 960000 行数据
2026-02-15 20:53:18,833 - INFO - 读取第 49 批数据，共 20000 行
2026-02-15 20:53:18,833 - INFO - 处理第 49 批数据，共 20000 行
2026-02-15 20:53:21,692 - INFO - 已提交 980000 行数据
2026-02-15 20:53:21,724 - INFO - 读取第 50 批数据，共 20000 行
2026-02-15 20:53:21,724 - INFO - 处理第 50 批数据，共 20000 行
2026-02-15 20:53:24,477 - INFO - 已提交 1000000 行数据
2026-02-15 20:53:24,517 - INFO - 读取第 51 批数据，共 20000 行
2026-02-15 20:53:24,517 - INFO - 处理第 51 批数据，共 20000 行
2026-02-15 20:53:27,863 - INFO - 已提交 1020000 行数据
2026-02-15 20:53:27,903 - INFO - 读取第 52 批数据，共 20000 行
2026-02-15 20:53:27,903 - INFO - 处理第 52 批数据，共 20000 行
2026-02-15 20:53:30,842 - INFO - 已提交 1040000 行数据
2026-02-15 20:53:30,873 - INFO - 读取第 53 批数据，共 20000 行
2026-02-15 20:53:30,873 - INFO - 处理第 53 批数据，共 20000 行
2026-02-15 20:53:33,776 - INFO - 已提交 1060000 行数据
2026-02-15 20:53:33,823 - INFO - 读取第 54 批数据，共 20000 行
2026-02-15 20:53:33,823 - INFO - 处理第 54 批数据，共 20000 行
2026-02-15 20:53:36,642 - INFO - 已提交 1080000 行数据
2026-02-15 20:53:36,673 - INFO - 读取第 55 批数据，共 20000 行
2026-02-15 20:53:36,673 - INFO - 处理第 55 批数据，共 20000 行
2026-02-15 20:53:39,543 - INFO - 已提交 1100000 行数据
2026-02-15 20:53:39,575 - INFO - 读取第 56 批数据，共 20000 行
2026-02-15 20:53:39,575 - INFO - 处理第 56 批数据，共 20000 行
2026-02-15 20:53:42,414 - INFO - 已提交 1120000 行数据
2026-02-15 20:53:42,446 - INFO - 读取第 57 批数据，共 20000 行
2026-02-15 20:53:42,446 - INFO - 处理第 57 批数据，共 20000 行
2026-02-15 20:53:45,608 - INFO - 已提交 1140000 行数据
2026-02-15 20:53:45,644 - INFO - 读取第 58 批数据，共 20000 行
2026-02-15 20:53:45,644 - INFO - 处理第 58 批数据，共 20000 行
2026-02-15 20:53:48,550 - INFO - 已提交 1160000 行数据
2026-02-15 20:53:48,590 - INFO - 读取第 59 批数据，共 20000 行
2026-02-15 20:53:48,590 - INFO - 处理第 59 批数据，共 20000 行
2026-02-15 20:53:51,519 - INFO - 已提交 1180000 行数据
2026-02-15 20:53:51,571 - INFO - 读取第 60 批数据，共 20000 行
2026-02-15 20:53:51,571 - INFO - 处理第 60 批数据，共 20000 行
2026-02-15 20:53:54,520 - INFO - 已提交 1200000 行数据
2026-02-15 20:53:54,565 - INFO - 读取第 61 批数据，共 20000 行
2026-02-15 20:53:54,565 - INFO - 处理第 61 批数据，共 20000 行
2026-02-15 20:53:57,231 - INFO - 已提交 1220000 行数据
2026-02-15 20:53:57,271 - INFO - 读取第 62 批数据，共 20000 行
2026-02-15 20:53:57,278 - INFO - 处理第 62 批数据，共 20000 行
2026-02-15 20:54:00,088 - INFO - 已提交 1240000 行数据
2026-02-15 20:54:00,135 - INFO - 读取第 63 批数据，共 20000 行
2026-02-15 20:54:00,135 - INFO - 处理第 63 批数据，共 20000 行
2026-02-15 20:54:02,961 - INFO - 已提交 1260000 行数据
2026-02-15 20:54:03,007 - INFO - 读取第 64 批数据，共 20000 行
2026-02-15 20:54:03,007 - INFO - 处理第 64 批数据，共 20000 行
2026-02-15 20:54:06,028 - INFO - 已提交 1280000 行数据
2026-02-15 20:54:06,060 - INFO - 读取第 65 批数据，共 20000 行
2026-02-15 20:54:06,060 - INFO - 处理第 65 批数据，共 20000 行
2026-02-15 20:54:09,114 - INFO - 已提交 1300000 行数据
2026-02-15 20:54:09,153 - INFO - 读取第 66 批数据，共 20000 行
2026-02-15 20:54:09,155 - INFO - 处理第 66 批数据，共 20000 行
2026-02-15 20:54:12,018 - INFO - 已提交 1320000 行数据
2026-02-15 20:54:12,063 - INFO - 读取第 67 批数据，共 20000 行
2026-02-15 20:54:12,063 - INFO - 处理第 67 批数据，共 20000 行
2026-02-15 20:54:14,762 - INFO - 已提交 1340000 行数据
2026-02-15 20:54:14,805 - INFO - 读取第 68 批数据，共 20000 行
2026-02-15 20:54:14,805 - INFO - 处理第 68 批数据，共 20000 行
2026-02-15 20:54:17,944 - INFO - 已提交 1360000 行数据
2026-02-15 20:54:17,984 - INFO - 读取第 69 批数据，共 20000 行
2026-02-15 20:54:17,986 - INFO - 处理第 69 批数据，共 20000 行
2026-02-15 20:54:21,232 - INFO - 已提交 1380000 行数据
2026-02-15 20:54:21,274 - INFO - 读取第 70 批数据，共 20000 行
2026-02-15 20:54:21,274 - INFO - 处理第 70 批数据，共 20000 行
2026-02-15 20:54:24,867 - INFO - 已提交 1400000 行数据
2026-02-15 20:54:24,916 - INFO - 读取第 71 批数据，共 20000 行
2026-02-15 20:54:24,916 - INFO - 处理第 71 批数据，共 20000 行
2026-02-15 20:54:27,796 - INFO - 已提交 1420000 行数据
2026-02-15 20:54:27,844 - INFO - 读取第 72 批数据，共 20000 行
2026-02-15 20:54:27,844 - INFO - 处理第 72 批数据，共 20000 行
2026-02-15 20:54:30,855 - INFO - 已提交 1440000 行数据
2026-02-15 20:54:30,887 - INFO - 读取第 73 批数据，共 20000 行
2026-02-15 20:54:30,887 - INFO - 处理第 73 批数据，共 20000 行
2026-02-15 20:54:34,454 - INFO - 已提交 1460000 行数据
2026-02-15 20:54:34,500 - INFO - 读取第 74 批数据，共 20000 行
2026-02-15 20:54:34,500 - INFO - 处理第 74 批数据，共 20000 行
2026-02-15 20:54:37,397 - INFO - 已提交 1480000 行数据
2026-02-15 20:54:37,450 - INFO - 读取第 75 批数据，共 20000 行
2026-02-15 20:54:37,450 - INFO - 处理第 75 批数据，共 20000 行
2026-02-15 20:54:40,322 - INFO - 已提交 1500000 行数据
2026-02-15 20:54:40,368 - INFO - 读取第 76 批数据，共 20000 行
2026-02-15 20:54:40,368 - INFO - 处理第 76 批数据，共 20000 行
2026-02-15 20:54:43,987 - INFO - 已提交 1520000 行数据
2026-02-15 20:54:44,034 - INFO - 读取第 77 批数据，共 20000 行
2026-02-15 20:54:44,035 - INFO - 处理第 77 批数据，共 20000 行
2026-02-15 20:54:47,065 - INFO - 已提交 1540000 行数据
2026-02-15 20:54:47,095 - INFO - 读取第 78 批数据，共 20000 行
2026-02-15 20:54:47,095 - INFO - 处理第 78 批数据，共 20000 行
2026-02-15 20:54:49,933 - INFO - 已提交 1560000 行数据
2026-02-15 20:54:49,965 - INFO - 读取第 79 批数据，共 20000 行
2026-02-15 20:54:49,965 - INFO - 处理第 79 批数据，共 20000 行
2026-02-15 20:54:53,078 - INFO - 已提交 1580000 行数据
2026-02-15 20:54:53,117 - INFO - 读取第 80 批数据，共 20000 行
2026-02-15 20:54:53,119 - INFO - 处理第 80 批数据，共 20000 行
2026-02-15 20:54:56,087 - INFO - 已提交 1600000 行数据
2026-02-15 20:54:56,136 - INFO - 读取第 81 批数据，共 20000 行
2026-02-15 20:54:56,136 - INFO - 处理第 81 批数据，共 20000 行
2026-02-15 20:54:59,053 - INFO - 已提交 1620000 行数据
2026-02-15 20:54:59,105 - INFO - 读取第 82 批数据，共 20000 行
2026-02-15 20:54:59,105 - INFO - 处理第 82 批数据，共 20000 行
2026-02-15 20:55:01,925 - INFO - 已提交 1640000 行数据
2026-02-15 20:55:01,976 - INFO - 读取第 83 批数据，共 20000 行
2026-02-15 20:55:01,976 - INFO - 处理第 83 批数据，共 20000 行
2026-02-15 20:55:05,365 - INFO - 已提交 1660000 行数据
2026-02-15 20:55:05,408 - INFO - 读取第 84 批数据，共 20000 行
2026-02-15 20:55:05,410 - INFO - 处理第 84 批数据，共 20000 行
2026-02-15 20:55:08,817 - INFO - 已提交 1680000 行数据
2026-02-15 20:55:08,857 - INFO - 读取第 85 批数据，共 20000 行
2026-02-15 20:55:08,857 - INFO - 处理第 85 批数据，共 20000 行
2026-02-15 20:55:11,592 - INFO - 已提交 1700000 行数据
2026-02-15 20:55:11,632 - INFO - 读取第 86 批数据，共 20000 行
2026-02-15 20:55:11,634 - INFO - 处理第 86 批数据，共 20000 行
2026-02-15 20:55:14,718 - INFO - 已提交 1720000 行数据
2026-02-15 20:55:14,754 - INFO - 读取第 87 批数据，共 20000 行
2026-02-15 20:55:14,756 - INFO - 处理第 87 批数据，共 20000 行
2026-02-15 20:55:17,665 - INFO - 已提交 1740000 行数据
2026-02-15 20:55:17,702 - INFO - 读取第 88 批数据，共 20000 行
2026-02-15 20:55:17,702 - INFO - 处理第 88 批数据，共 20000 行
2026-02-15 20:55:20,571 - INFO - 已提交 1760000 行数据
2026-02-15 20:55:20,603 - INFO - 读取第 89 批数据，共 20000 行
2026-02-15 20:55:20,603 - INFO - 处理第 89 批数据，共 20000 行
2026-02-15 20:55:23,428 - INFO - 已提交 1780000 行数据
2026-02-15 20:55:23,464 - INFO - 读取第 90 批数据，共 20000 行
2026-02-15 20:55:23,464 - INFO - 处理第 90 批数据，共 20000 行
2026-02-15 20:55:26,692 - INFO - 已提交 1800000 行数据
2026-02-15 20:55:26,723 - INFO - 读取第 91 批数据，共 20000 行
2026-02-15 20:55:26,723 - INFO - 处理第 91 批数据，共 20000 行
2026-02-15 20:55:30,207 - INFO - 已提交 1820000 行数据
2026-02-15 20:55:30,246 - INFO - 读取第 92 批数据，共 20000 行
2026-02-15 20:55:30,246 - INFO - 处理第 92 批数据，共 20000 行
2026-02-15 20:55:33,545 - INFO - 已提交 1840000 行数据
2026-02-15 20:55:33,596 - INFO - 读取第 93 批数据，共 20000 行
2026-02-15 20:55:33,596 - INFO - 处理第 93 批数据，共 20000 行
2026-02-15 20:55:36,768 - INFO - 已提交 1860000 行数据
2026-02-15 20:55:36,809 - INFO - 读取第 94 批数据，共 20000 行
2026-02-15 20:55:36,809 - INFO - 处理第 94 批数据，共 20000 行
2026-02-15 20:55:39,783 - INFO - 已提交 1880000 行数据
2026-02-15 20:55:39,814 - INFO - 读取第 95 批数据，共 20000 行
2026-02-15 20:55:39,814 - INFO - 处理第 95 批数据，共 20000 行
2026-02-15 20:55:42,816 - INFO - 已提交 1900000 行数据
2026-02-15 20:55:42,848 - INFO - 读取第 96 批数据，共 20000 行
2026-02-15 20:55:42,848 - INFO - 处理第 96 批数据，共 20000 行
2026-02-15 20:55:45,903 - INFO - 已提交 1920000 行数据
2026-02-15 20:55:45,953 - INFO - 读取第 97 批数据，共 20000 行
2026-02-15 20:55:45,953 - INFO - 处理第 97 批数据，共 20000 行
2026-02-15 20:55:49,727 - INFO - 已提交 1940000 行数据
2026-02-15 20:55:49,773 - INFO - 读取第 98 批数据，共 20000 行
2026-02-15 20:55:49,773 - INFO - 处理第 98 批数据，共 20000 行
2026-02-15 20:55:52,676 - INFO - 已提交 1960000 行数据
2026-02-15 20:55:52,723 - INFO - 读取第 99 批数据，共 20000 行
2026-02-15 20:55:52,723 - INFO - 处理第 99 批数据，共 20000 行
2026-02-15 20:55:55,833 - INFO - 已提交 1980000 行数据
2026-02-15 20:55:55,866 - INFO - 读取第 100 批数据，共 20000 行
2026-02-15 20:55:55,866 - INFO - 处理第 100 批数据，共 20000 行
2026-02-15 20:55:58,818 - INFO - 已提交 2000000 行数据
2026-02-15 20:55:58,865 - INFO - 读取第 101 批数据，共 20000 行
2026-02-15 20:55:58,869 - INFO - 处理第 101 批数据，共 20000 行
2026-02-15 20:56:02,085 - INFO - 已提交 2020000 行数据
2026-02-15 20:56:02,112 - INFO - 读取第 102 批数据，共 20000 行
2026-02-15 20:56:02,112 - INFO - 处理第 102 批数据，共 20000 行
2026-02-15 20:56:05,005 - INFO - 已提交 2040000 行数据
2026-02-15 20:56:05,056 - INFO - 读取第 103 批数据，共 20000 行
2026-02-15 20:56:05,056 - INFO - 处理第 103 批数据，共 20000 行
2026-02-15 20:56:08,986 - INFO - 已提交 2060000 行数据
2026-02-15 20:56:09,017 - INFO - 读取第 104 批数据，共 20000 行
2026-02-15 20:56:09,017 - INFO - 处理第 104 批数据，共 20000 行
2026-02-15 20:56:12,187 - INFO - 已提交 2080000 行数据
2026-02-15 20:56:12,233 - INFO - 读取第 105 批数据，共 20000 行
2026-02-15 20:56:12,233 - INFO - 处理第 105 批数据，共 20000 行
2026-02-15 20:56:15,067 - INFO - 已提交 2100000 行数据
2026-02-15 20:56:15,106 - INFO - 读取第 106 批数据，共 20000 行
2026-02-15 20:56:15,106 - INFO - 处理第 106 批数据，共 20000 行
2026-02-15 20:56:17,998 - INFO - 已提交 2120000 行数据
2026-02-15 20:56:18,044 - INFO - 读取第 107 批数据，共 20000 行
2026-02-15 20:56:18,044 - INFO - 处理第 107 批数据，共 20000 行
2026-02-15 20:56:20,889 - INFO - 已提交 2140000 行数据
2026-02-15 20:56:20,938 - INFO - 读取第 108 批数据，共 20000 行
2026-02-15 20:56:20,938 - INFO - 处理第 108 批数据，共 20000 行
2026-02-15 20:56:23,756 - INFO - 已提交 2160000 行数据
2026-02-15 20:56:23,799 - INFO - 读取第 109 批数据，共 20000 行
2026-02-15 20:56:23,799 - INFO - 处理第 109 批数据，共 20000 行
2026-02-15 20:56:28,592 - INFO - 已提交 2180000 行数据
2026-02-15 20:56:28,639 - INFO - 读取第 110 批数据，共 20000 行
2026-02-15 20:56:28,639 - INFO - 处理第 110 批数据，共 20000 行
2026-02-15 20:56:31,530 - INFO - 已提交 2200000 行数据
2026-02-15 20:56:31,561 - INFO - 读取第 111 批数据，共 20000 行
2026-02-15 20:56:31,577 - INFO - 处理第 111 批数据，共 20000 行
2026-02-15 20:56:34,439 - INFO - 已提交 2220000 行数据
2026-02-15 20:56:34,489 - INFO - 读取第 112 批数据，共 20000 行
2026-02-15 20:56:34,502 - INFO - 处理第 112 批数据，共 20000 行
2026-02-15 20:56:37,457 - INFO - 已提交 2240000 行数据
2026-02-15 20:56:37,488 - INFO - 读取第 113 批数据，共 20000 行
2026-02-15 20:56:37,488 - INFO - 处理第 113 批数据，共 20000 行
2026-02-15 20:56:40,362 - INFO - 已提交 2260000 行数据
2026-02-15 20:56:40,410 - INFO - 读取第 114 批数据，共 20000 行
2026-02-15 20:56:40,410 - INFO - 处理第 114 批数据，共 20000 行
2026-02-15 20:56:43,346 - INFO - 已提交 2280000 行数据
2026-02-15 20:56:43,394 - INFO - 读取第 115 批数据，共 20000 行
2026-02-15 20:56:43,394 - INFO - 处理第 115 批数据，共 20000 行
2026-02-15 20:56:46,264 - INFO - 已提交 2300000 行数据
2026-02-15 20:56:46,296 - INFO - 读取第 116 批数据，共 20000 行
2026-02-15 20:56:46,296 - INFO - 处理第 116 批数据，共 20000 行
2026-02-15 20:56:49,077 - INFO - 已提交 2320000 行数据
2026-02-15 20:56:49,122 - INFO - 读取第 117 批数据，共 20000 行
2026-02-15 20:56:49,122 - INFO - 处理第 117 批数据，共 20000 行
2026-02-15 20:56:52,041 - INFO - 已提交 2340000 行数据
2026-02-15 20:56:52,080 - INFO - 读取第 118 批数据，共 20000 行
2026-02-15 20:56:52,080 - INFO - 处理第 118 批数据，共 20000 行
2026-02-15 20:56:54,978 - INFO - 已提交 2360000 行数据
2026-02-15 20:56:55,013 - INFO - 读取第 119 批数据，共 20000 行
2026-02-15 20:56:55,013 - INFO - 处理第 119 批数据，共 20000 行
2026-02-15 20:56:57,932 - INFO - 已提交 2380000 行数据
2026-02-15 20:56:57,979 - INFO - 读取第 120 批数据，共 20000 行
2026-02-15 20:56:57,979 - INFO - 处理第 120 批数据，共 20000 行
2026-02-15 20:57:00,775 - INFO - 已提交 2400000 行数据
2026-02-15 20:57:00,807 - INFO - 读取第 121 批数据，共 20000 行
2026-02-15 20:57:00,807 - INFO - 处理第 121 批数据，共 20000 行
2026-02-15 20:57:03,601 - INFO - 已提交 2420000 行数据
2026-02-15 20:57:03,646 - INFO - 读取第 122 批数据，共 20000 行
2026-02-15 20:57:03,646 - INFO - 处理第 122 批数据，共 20000 行
2026-02-15 20:57:06,683 - INFO - 已提交 2440000 行数据
2026-02-15 20:57:06,734 - INFO - 读取第 123 批数据，共 20000 行
2026-02-15 20:57:06,736 - INFO - 处理第 123 批数据，共 20000 行
2026-02-15 20:57:10,131 - INFO - 已提交 2460000 行数据
2026-02-15 20:57:10,162 - INFO - 读取第 124 批数据，共 20000 行
2026-02-15 20:57:10,162 - INFO - 处理第 124 批数据，共 20000 行
2026-02-15 20:57:13,125 - INFO - 已提交 2480000 行数据
2026-02-15 20:57:13,171 - INFO - 读取第 125 批数据，共 20000 行
2026-02-15 20:57:13,171 - INFO - 处理第 125 批数据，共 20000 行
2026-02-15 20:57:16,030 - INFO - 已提交 2500000 行数据
2026-02-15 20:57:16,078 - INFO - 读取第 126 批数据，共 20000 行
2026-02-15 20:57:16,078 - INFO - 处理第 126 批数据，共 20000 行
2026-02-15 20:57:19,146 - INFO - 已提交 2520000 行数据
2026-02-15 20:57:19,178 - INFO - 读取第 127 批数据，共 20000 行
2026-02-15 20:57:19,178 - INFO - 处理第 127 批数据，共 20000 行
2026-02-15 20:57:21,989 - INFO - 已提交 2540000 行数据
2026-02-15 20:57:22,040 - INFO - 读取第 128 批数据，共 20000 行
2026-02-15 20:57:22,040 - INFO - 处理第 128 批数据，共 20000 行
2026-02-15 20:57:24,961 - INFO - 已提交 2560000 行数据
2026-02-15 20:57:25,008 - INFO - 读取第 129 批数据，共 20000 行
2026-02-15 20:57:25,008 - INFO - 处理第 129 批数据，共 20000 行
2026-02-15 20:57:27,876 - INFO - 已提交 2580000 行数据
2026-02-15 20:57:27,908 - INFO - 读取第 130 批数据，共 20000 行
2026-02-15 20:57:27,908 - INFO - 处理第 130 批数据，共 20000 行
2026-02-15 20:57:30,778 - INFO - 已提交 2600000 行数据
2026-02-15 20:57:30,810 - INFO - 读取第 131 批数据，共 20000 行
2026-02-15 20:57:30,810 - INFO - 处理第 131 批数据，共 20000 行
2026-02-15 20:57:33,606 - INFO - 已提交 2620000 行数据
2026-02-15 20:57:33,646 - INFO - 读取第 132 批数据，共 20000 行
2026-02-15 20:57:33,646 - INFO - 处理第 132 批数据，共 20000 行
2026-02-15 20:57:36,426 - INFO - 已提交 2640000 行数据
2026-02-15 20:57:36,457 - INFO - 读取第 133 批数据，共 20000 行
2026-02-15 20:57:36,457 - INFO - 处理第 133 批数据，共 20000 行
2026-02-15 20:57:39,375 - INFO - 已提交 2660000 行数据
2026-02-15 20:57:39,418 - INFO - 读取第 134 批数据，共 20000 行
2026-02-15 20:57:39,418 - INFO - 处理第 134 批数据，共 20000 行
2026-02-15 20:57:42,245 - INFO - 已提交 2680000 行数据
2026-02-15 20:57:42,286 - INFO - 读取第 135 批数据，共 20000 行
2026-02-15 20:57:42,288 - INFO - 处理第 135 批数据，共 20000 行
2026-02-15 20:57:45,304 - INFO - 已提交 2700000 行数据
2026-02-15 20:57:45,361 - INFO - 读取第 136 批数据，共 20000 行
2026-02-15 20:57:45,361 - INFO - 处理第 136 批数据，共 20000 行
2026-02-15 20:57:48,260 - INFO - 已提交 2720000 行数据
2026-02-15 20:57:48,289 - INFO - 读取第 137 批数据，共 20000 行
2026-02-15 20:57:48,289 - INFO - 处理第 137 批数据，共 20000 行
2026-02-15 20:57:51,160 - INFO - 已提交 2740000 行数据
2026-02-15 20:57:51,207 - INFO - 读取第 138 批数据，共 20000 行
2026-02-15 20:57:51,207 - INFO - 处理第 138 批数据，共 20000 行
2026-02-15 20:57:54,327 - INFO - 已提交 2760000 行数据
2026-02-15 20:57:54,374 - INFO - 读取第 139 批数据，共 20000 行
2026-02-15 20:57:54,374 - INFO - 处理第 139 批数据，共 20000 行
2026-02-15 20:57:57,385 - INFO - 已提交 2780000 行数据
2026-02-15 20:57:57,434 - INFO - 读取第 140 批数据，共 20000 行
2026-02-15 20:57:57,434 - INFO - 处理第 140 批数据，共 20000 行
2026-02-15 20:58:00,213 - INFO - 已提交 2800000 行数据
2026-02-15 20:58:00,260 - INFO - 读取第 141 批数据，共 20000 行
2026-02-15 20:58:00,260 - INFO - 处理第 141 批数据，共 20000 行
2026-02-15 20:58:03,051 - INFO - 已提交 2820000 行数据
2026-02-15 20:58:03,099 - INFO - 读取第 142 批数据，共 20000 行
2026-02-15 20:58:03,099 - INFO - 处理第 142 批数据，共 20000 行
2026-02-15 20:58:06,239 - INFO - 已提交 2840000 行数据
2026-02-15 20:58:06,285 - INFO - 读取第 143 批数据，共 20000 行
2026-02-15 20:58:06,286 - INFO - 处理第 143 批数据，共 20000 行
2026-02-15 20:58:09,064 - INFO - 已提交 2860000 行数据
2026-02-15 20:58:09,105 - INFO - 读取第 144 批数据，共 20000 行
2026-02-15 20:58:09,105 - INFO - 处理第 144 批数据，共 20000 行
2026-02-15 20:58:11,980 - INFO - 已提交 2880000 行数据
2026-02-15 20:58:12,020 - INFO - 读取第 145 批数据，共 20000 行
2026-02-15 20:58:12,020 - INFO - 处理第 145 批数据，共 20000 行
2026-02-15 20:58:14,945 - INFO - 已提交 2900000 行数据
2026-02-15 20:58:14,992 - INFO - 读取第 146 批数据，共 20000 行
2026-02-15 20:58:14,992 - INFO - 处理第 146 批数据，共 20000 行
2026-02-15 20:58:17,913 - INFO - 已提交 2920000 行数据
2026-02-15 20:58:17,959 - INFO - 读取第 147 批数据，共 20000 行
2026-02-15 20:58:17,959 - INFO - 处理第 147 批数据，共 20000 行
2026-02-15 20:58:20,899 - INFO - 已提交 2940000 行数据
2026-02-15 20:58:20,930 - INFO - 读取第 148 批数据，共 20000 行
2026-02-15 20:58:20,930 - INFO - 处理第 148 批数据，共 20000 行
2026-02-15 20:58:24,006 - INFO - 已提交 2960000 行数据
2026-02-15 20:58:24,049 - INFO - 读取第 149 批数据，共 20000 行
2026-02-15 20:58:24,051 - INFO - 处理第 149 批数据，共 20000 行
2026-02-15 20:58:26,908 - INFO - 已提交 2980000 行数据
2026-02-15 20:58:26,940 - INFO - 读取第 150 批数据，共 20000 行
2026-02-15 20:58:26,956 - INFO - 处理第 150 批数据，共 20000 行
2026-02-15 20:58:30,406 - INFO - 已提交 3000000 行数据
2026-02-15 20:58:30,454 - INFO - 读取第 151 批数据，共 20000 行
2026-02-15 20:58:30,454 - INFO - 处理第 151 批数据，共 20000 行
2026-02-15 20:58:33,246 - INFO - 已提交 3020000 行数据
2026-02-15 20:58:33,276 - INFO - 读取第 152 批数据，共 20000 行
2026-02-15 20:58:33,292 - INFO - 处理第 152 批数据，共 20000 行
2026-02-15 20:58:36,390 - INFO - 已提交 3040000 行数据
2026-02-15 20:58:36,438 - INFO - 读取第 153 批数据，共 20000 行
2026-02-15 20:58:36,438 - INFO - 处理第 153 批数据，共 20000 行
2026-02-15 20:58:39,290 - INFO - 已提交 3060000 行数据
2026-02-15 20:58:39,321 - INFO - 读取第 154 批数据，共 20000 行
2026-02-15 20:58:39,321 - INFO - 处理第 154 批数据，共 20000 行
2026-02-15 20:58:42,515 - INFO - 已提交 3080000 行数据
2026-02-15 20:58:42,565 - INFO - 读取第 155 批数据，共 20000 行
2026-02-15 20:58:42,567 - INFO - 处理第 155 批数据，共 20000 行
2026-02-15 20:58:45,482 - INFO - 已提交 3100000 行数据
2026-02-15 20:58:45,526 - INFO - 读取第 156 批数据，共 20000 行
2026-02-15 20:58:45,528 - INFO - 处理第 156 批数据，共 20000 行
2026-02-15 20:58:48,704 - INFO - 已提交 3120000 行数据
2026-02-15 20:58:48,727 - INFO - 读取第 157 批数据，共 20000 行
2026-02-15 20:58:48,743 - INFO - 处理第 157 批数据，共 20000 行
2026-02-15 20:58:52,516 - INFO - 已提交 3140000 行数据
2026-02-15 20:58:52,547 - INFO - 读取第 158 批数据，共 20000 行
2026-02-15 20:58:52,547 - INFO - 处理第 158 批数据，共 20000 行
2026-02-15 20:58:55,391 - INFO - 已提交 3160000 行数据
2026-02-15 20:58:55,429 - INFO - 读取第 159 批数据，共 20000 行
2026-02-15 20:58:55,429 - INFO - 处理第 159 批数据，共 20000 行
2026-02-15 20:58:58,316 - INFO - 已提交 3180000 行数据
2026-02-15 20:58:58,348 - INFO - 读取第 160 批数据，共 20000 行
2026-02-15 20:58:58,348 - INFO - 处理第 160 批数据，共 20000 行
2026-02-15 20:59:01,173 - INFO - 已提交 3200000 行数据
2026-02-15 20:59:01,206 - INFO - 读取第 161 批数据，共 20000 行
2026-02-15 20:59:01,206 - INFO - 处理第 161 批数据，共 20000 行
2026-02-15 20:59:04,241 - INFO - 已提交 3220000 行数据
2026-02-15 20:59:04,272 - INFO - 读取第 162 批数据，共 20000 行
2026-02-15 20:59:04,272 - INFO - 处理第 162 批数据，共 20000 行
2026-02-15 20:59:07,289 - INFO - 已提交 3240000 行数据
2026-02-15 20:59:07,332 - INFO - 读取第 163 批数据，共 20000 行
2026-02-15 20:59:07,332 - INFO - 处理第 163 批数据，共 20000 行
2026-02-15 20:59:10,169 - INFO - 已提交 3260000 行数据
2026-02-15 20:59:10,207 - INFO - 读取第 164 批数据，共 20000 行
2026-02-15 20:59:10,207 - INFO - 处理第 164 批数据，共 20000 行
2026-02-15 20:59:13,108 - INFO - 已提交 3280000 行数据
2026-02-15 20:59:13,149 - INFO - 读取第 165 批数据，共 20000 行
2026-02-15 20:59:13,149 - INFO - 处理第 165 批数据，共 20000 行
2026-02-15 20:59:15,915 - INFO - 已提交 3300000 行数据
2026-02-15 20:59:15,947 - INFO - 读取第 166 批数据，共 20000 行
2026-02-15 20:59:15,963 - INFO - 处理第 166 批数据，共 20000 行
2026-02-15 20:59:19,036 - INFO - 已提交 3320000 行数据
2026-02-15 20:59:19,073 - INFO - 读取第 167 批数据，共 20000 行
2026-02-15 20:59:19,073 - INFO - 处理第 167 批数据，共 20000 行
2026-02-15 20:59:21,938 - INFO - 已提交 3340000 行数据
2026-02-15 20:59:21,970 - INFO - 读取第 168 批数据，共 20000 行
2026-02-15 20:59:21,970 - INFO - 处理第 168 批数据，共 20000 行
2026-02-15 20:59:25,281 - INFO - 已提交 3360000 行数据
2026-02-15 20:59:25,329 - INFO - 读取第 169 批数据，共 20000 行
2026-02-15 20:59:25,329 - INFO - 处理第 169 批数据，共 20000 行
2026-02-15 20:59:29,081 - INFO - 已提交 3380000 行数据
2026-02-15 20:59:29,129 - INFO - 读取第 170 批数据，共 20000 行
2026-02-15 20:59:29,129 - INFO - 处理第 170 批数据，共 20000 行
2026-02-15 20:59:32,127 - INFO - 已提交 3400000 行数据
2026-02-15 20:59:32,158 - INFO - 读取第 171 批数据，共 20000 行
2026-02-15 20:59:32,158 - INFO - 处理第 171 批数据，共 20000 行
2026-02-15 20:59:34,853 - INFO - 已提交 3420000 行数据
2026-02-15 20:59:34,905 - INFO - 读取第 172 批数据，共 20000 行
2026-02-15 20:59:34,905 - INFO - 处理第 172 批数据，共 20000 行
2026-02-15 20:59:37,996 - INFO - 已提交 3440000 行数据
2026-02-15 20:59:38,028 - INFO - 读取第 173 批数据，共 20000 行
2026-02-15 20:59:38,028 - INFO - 处理第 173 批数据，共 20000 行
2026-02-15 20:59:41,196 - INFO - 已提交 3460000 行数据
2026-02-15 20:59:41,234 - INFO - 读取第 174 批数据，共 20000 行
2026-02-15 20:59:41,236 - INFO - 处理第 174 批数据，共 20000 行
2026-02-15 20:59:44,175 - INFO - 已提交 3480000 行数据
2026-02-15 20:59:44,207 - INFO - 读取第 175 批数据，共 20000 行
2026-02-15 20:59:44,209 - INFO - 处理第 175 批数据，共 20000 行
2026-02-15 20:59:47,134 - INFO - 已提交 3500000 行数据
2026-02-15 20:59:47,185 - INFO - 读取第 176 批数据，共 20000 行
2026-02-15 20:59:47,185 - INFO - 处理第 176 批数据，共 20000 行
2026-02-15 20:59:50,569 - INFO - 已提交 3520000 行数据
2026-02-15 20:59:50,621 - INFO - 读取第 177 批数据，共 20000 行
2026-02-15 20:59:50,621 - INFO - 处理第 177 批数据，共 20000 行
2026-02-15 20:59:53,677 - INFO - 已提交 3540000 行数据
2026-02-15 20:59:53,733 - INFO - 读取第 178 批数据，共 20000 行
2026-02-15 20:59:53,733 - INFO - 处理第 178 批数据，共 20000 行
2026-02-15 20:59:56,535 - INFO - 已提交 3560000 行数据
2026-02-15 20:59:56,587 - INFO - 读取第 179 批数据，共 20000 行
2026-02-15 20:59:56,587 - INFO - 处理第 179 批数据，共 20000 行
2026-02-15 20:59:59,401 - INFO - 已提交 3580000 行数据
2026-02-15 20:59:59,429 - INFO - 读取第 180 批数据，共 20000 行
2026-02-15 20:59:59,429 - INFO - 处理第 180 批数据，共 20000 行
2026-02-15 21:00:02,772 - INFO - 已提交 3600000 行数据
2026-02-15 21:00:02,813 - INFO - 读取第 181 批数据，共 20000 行
2026-02-15 21:00:02,813 - INFO - 处理第 181 批数据，共 20000 行
2026-02-15 21:00:06,463 - INFO - 已提交 3620000 行数据
2026-02-15 21:00:06,509 - INFO - 读取第 182 批数据，共 20000 行
2026-02-15 21:00:06,509 - INFO - 处理第 182 批数据，共 20000 行
2026-02-15 21:00:09,338 - INFO - 已提交 3640000 行数据
2026-02-15 21:00:09,386 - INFO - 读取第 183 批数据，共 20000 行
2026-02-15 21:00:09,386 - INFO - 处理第 183 批数据，共 20000 行
2026-02-15 21:00:13,338 - INFO - 已提交 3660000 行数据
2026-02-15 21:00:13,369 - INFO - 读取第 184 批数据，共 20000 行
2026-02-15 21:00:13,369 - INFO - 处理第 184 批数据，共 20000 行
2026-02-15 21:00:17,177 - INFO - 已提交 3680000 行数据
2026-02-15 21:00:17,208 - INFO - 读取第 185 批数据，共 20000 行
2026-02-15 21:00:17,208 - INFO - 处理第 185 批数据，共 20000 行
2026-02-15 21:00:20,568 - INFO - 已提交 3700000 行数据
2026-02-15 21:00:20,599 - INFO - 读取第 186 批数据，共 20000 行
2026-02-15 21:00:20,599 - INFO - 处理第 186 批数据，共 20000 行
2026-02-15 21:00:23,486 - INFO - 已提交 3720000 行数据
2026-02-15 21:00:23,534 - INFO - 读取第 187 批数据，共 20000 行
2026-02-15 21:00:23,534 - INFO - 处理第 187 批数据，共 20000 行
2026-02-15 21:00:26,329 - INFO - 已提交 3740000 行数据
2026-02-15 21:00:26,367 - INFO - 读取第 188 批数据，共 20000 行
2026-02-15 21:00:26,367 - INFO - 处理第 188 批数据，共 20000 行
2026-02-15 21:00:29,509 - INFO - 已提交 3760000 行数据
2026-02-15 21:00:29,541 - INFO - 读取第 189 批数据，共 20000 行
2026-02-15 21:00:29,541 - INFO - 处理第 189 批数据，共 20000 行
2026-02-15 21:00:34,078 - INFO - 已提交 3780000 行数据
2026-02-15 21:00:34,110 - INFO - 读取第 190 批数据，共 20000 行
2026-02-15 21:00:34,110 - INFO - 处理第 190 批数据，共 20000 行
2026-02-15 21:00:37,702 - INFO - 已提交 3800000 行数据
2026-02-15 21:00:37,749 - INFO - 读取第 191 批数据，共 20000 行
2026-02-15 21:00:37,749 - INFO - 处理第 191 批数据，共 20000 行
2026-02-15 21:00:40,508 - INFO - 已提交 3820000 行数据
2026-02-15 21:00:40,540 - INFO - 读取第 192 批数据，共 20000 行
2026-02-15 21:00:40,540 - INFO - 处理第 192 批数据，共 20000 行
2026-02-15 21:00:43,367 - INFO - 已提交 3840000 行数据
2026-02-15 21:00:43,405 - INFO - 读取第 193 批数据，共 20000 行
2026-02-15 21:00:43,405 - INFO - 处理第 193 批数据，共 20000 行
2026-02-15 21:00:46,553 - INFO - 已提交 3860000 行数据
2026-02-15 21:00:46,595 - INFO - 读取第 194 批数据，共 20000 行
2026-02-15 21:00:46,597 - INFO - 处理第 194 批数据，共 20000 行
2026-02-15 21:00:49,816 - INFO - 已提交 3880000 行数据
2026-02-15 21:00:49,848 - INFO - 读取第 195 批数据，共 20000 行
2026-02-15 21:00:49,848 - INFO - 处理第 195 批数据，共 20000 行
2026-02-15 21:00:53,603 - INFO - 已提交 3900000 行数据
2026-02-15 21:00:53,651 - INFO - 读取第 196 批数据，共 20000 行
2026-02-15 21:00:53,651 - INFO - 处理第 196 批数据，共 20000 行
2026-02-15 21:00:56,636 - INFO - 已提交 3920000 行数据
2026-02-15 21:00:56,685 - INFO - 读取第 197 批数据，共 20000 行
2026-02-15 21:00:56,687 - INFO - 处理第 197 批数据，共 20000 行
2026-02-15 21:00:59,555 - INFO - 已提交 3940000 行数据
2026-02-15 21:00:59,604 - INFO - 读取第 198 批数据，共 20000 行
2026-02-15 21:00:59,604 - INFO - 处理第 198 批数据，共 20000 行
2026-02-15 21:01:02,430 - INFO - 已提交 3960000 行数据
2026-02-15 21:01:02,478 - INFO - 读取第 199 批数据，共 20000 行
2026-02-15 21:01:02,478 - INFO - 处理第 199 批数据，共 20000 行
2026-02-15 21:01:05,531 - INFO - 已提交 3980000 行数据
2026-02-15 21:01:05,563 - INFO - 读取第 200 批数据，共 20000 行
2026-02-15 21:01:05,579 - INFO - 处理第 200 批数据，共 20000 行
2026-02-15 21:01:08,348 - INFO - 已提交 4000000 行数据
2026-02-15 21:01:08,399 - INFO - 读取第 201 批数据，共 20000 行
2026-02-15 21:01:08,399 - INFO - 处理第 201 批数据，共 20000 行
2026-02-15 21:01:11,443 - INFO - 已提交 4020000 行数据
2026-02-15 21:01:11,459 - INFO - 读取第 202 批数据，共 20000 行
2026-02-15 21:01:11,475 - INFO - 处理第 202 批数据，共 20000 行
2026-02-15 21:01:14,428 - INFO - 已提交 4040000 行数据
2026-02-15 21:01:14,462 - INFO - 读取第 203 批数据，共 20000 行
2026-02-15 21:01:14,462 - INFO - 处理第 203 批数据，共 20000 行
2026-02-15 21:01:17,511 - INFO - 已提交 4060000 行数据
2026-02-15 21:01:17,551 - INFO - 读取第 204 批数据，共 20000 行
2026-02-15 21:01:17,551 - INFO - 处理第 204 批数据，共 20000 行
2026-02-15 21:01:20,358 - INFO - 已提交 4080000 行数据
2026-02-15 21:01:20,404 - INFO - 读取第 205 批数据，共 20000 行
2026-02-15 21:01:20,404 - INFO - 处理第 205 批数据，共 20000 行
2026-02-15 21:01:23,217 - INFO - 已提交 4100000 行数据
2026-02-15 21:01:23,257 - INFO - 读取第 206 批数据，共 20000 行
2026-02-15 21:01:23,259 - INFO - 处理第 206 批数据，共 20000 行
2026-02-15 21:01:25,996 - INFO - 已提交 4120000 行数据
2026-02-15 21:01:26,043 - INFO - 读取第 207 批数据，共 20000 行
2026-02-15 21:01:26,043 - INFO - 处理第 207 批数据，共 20000 行
2026-02-15 21:01:28,880 - INFO - 已提交 4140000 行数据
2026-02-15 21:01:28,933 - INFO - 读取第 208 批数据，共 20000 行
2026-02-15 21:01:28,935 - INFO - 处理第 208 批数据，共 20000 行
2026-02-15 21:01:32,939 - INFO - 已提交 4160000 行数据
2026-02-15 21:01:32,985 - INFO - 读取第 209 批数据，共 20000 行
2026-02-15 21:01:32,985 - INFO - 处理第 209 批数据，共 20000 行
2026-02-15 21:01:35,939 - INFO - 已提交 4180000 行数据
2026-02-15 21:01:35,987 - INFO - 读取第 210 批数据，共 20000 行
2026-02-15 21:01:35,987 - INFO - 处理第 210 批数据，共 20000 行
2026-02-15 21:01:38,902 - INFO - 已提交 4200000 行数据
2026-02-15 21:01:38,945 - INFO - 读取第 211 批数据，共 20000 行
2026-02-15 21:01:38,945 - INFO - 处理第 211 批数据，共 20000 行
2026-02-15 21:01:41,909 - INFO - 已提交 4220000 行数据
2026-02-15 21:01:41,949 - INFO - 读取第 212 批数据，共 20000 行
2026-02-15 21:01:41,949 - INFO - 处理第 212 批数据，共 20000 行
2026-02-15 21:01:44,840 - INFO - 已提交 4240000 行数据
2026-02-15 21:01:44,882 - INFO - 读取第 213 批数据，共 20000 行
2026-02-15 21:01:44,882 - INFO - 处理第 213 批数据，共 20000 行
2026-02-15 21:01:47,684 - INFO - 已提交 4260000 行数据
2026-02-15 21:01:47,719 - INFO - 读取第 214 批数据，共 20000 行
2026-02-15 21:01:47,719 - INFO - 处理第 214 批数据，共 20000 行
2026-02-15 21:01:51,471 - INFO - 已提交 4280000 行数据
2026-02-15 21:01:51,518 - INFO - 读取第 215 批数据，共 20000 行
2026-02-15 21:01:51,518 - INFO - 处理第 215 批数据，共 20000 行
2026-02-15 21:01:54,364 - INFO - 已提交 4300000 行数据
2026-02-15 21:01:54,396 - INFO - 读取第 216 批数据，共 20000 行
2026-02-15 21:01:54,396 - INFO - 处理第 216 批数据，共 20000 行
2026-02-15 21:01:57,154 - INFO - 已提交 4320000 行数据
2026-02-15 21:01:57,185 - INFO - 读取第 217 批数据，共 20000 行
2026-02-15 21:01:57,185 - INFO - 处理第 217 批数据，共 20000 行
2026-02-15 21:02:00,119 - INFO - 已提交 4340000 行数据
2026-02-15 21:02:00,165 - INFO - 读取第 218 批数据，共 20000 行
2026-02-15 21:02:00,165 - INFO - 处理第 218 批数据，共 20000 行
2026-02-15 21:02:03,053 - INFO - 已提交 4360000 行数据
2026-02-15 21:02:03,091 - INFO - 读取第 219 批数据，共 20000 行
2026-02-15 21:02:03,091 - INFO - 处理第 219 批数据，共 20000 行
2026-02-15 21:02:05,987 - INFO - 已提交 4380000 行数据
2026-02-15 21:02:06,034 - INFO - 读取第 220 批数据，共 20000 行
2026-02-15 21:02:06,034 - INFO - 处理第 220 批数据，共 20000 行
2026-02-15 21:02:09,022 - INFO - 已提交 4400000 行数据
2026-02-15 21:02:09,068 - INFO - 读取第 221 批数据，共 20000 行
2026-02-15 21:02:09,068 - INFO - 处理第 221 批数据，共 20000 行
2026-02-15 21:02:13,783 - INFO - 已提交 4420000 行数据
2026-02-15 21:02:13,831 - INFO - 读取第 222 批数据，共 20000 行
2026-02-15 21:02:13,831 - INFO - 处理第 222 批数据，共 20000 行
2026-02-15 21:02:17,844 - INFO - 已提交 4440000 行数据
2026-02-15 21:02:17,893 - INFO - 读取第 223 批数据，共 20000 行
2026-02-15 21:02:17,893 - INFO - 处理第 223 批数据，共 20000 行
2026-02-15 21:02:20,881 - INFO - 已提交 4460000 行数据
2026-02-15 21:02:20,910 - INFO - 读取第 224 批数据，共 20000 行
2026-02-15 21:02:20,926 - INFO - 处理第 224 批数据，共 20000 行
2026-02-15 21:02:23,816 - INFO - 已提交 4480000 行数据
2026-02-15 21:02:23,864 - INFO - 读取第 225 批数据，共 20000 行
2026-02-15 21:02:23,864 - INFO - 处理第 225 批数据，共 20000 行
2026-02-15 21:02:26,753 - INFO - 已提交 4500000 行数据
2026-02-15 21:02:26,785 - INFO - 读取第 226 批数据，共 20000 行
2026-02-15 21:02:26,785 - INFO - 处理第 226 批数据，共 20000 行
2026-02-15 21:02:29,733 - INFO - 已提交 4520000 行数据
2026-02-15 21:02:29,781 - INFO - 读取第 227 批数据，共 20000 行
2026-02-15 21:02:29,781 - INFO - 处理第 227 批数据，共 20000 行
2026-02-15 21:02:33,311 - INFO - 已提交 4540000 行数据
2026-02-15 21:02:33,350 - INFO - 读取第 228 批数据，共 20000 行
2026-02-15 21:02:33,350 - INFO - 处理第 228 批数据，共 20000 行
2026-02-15 21:02:36,428 - INFO - 已提交 4560000 行数据
2026-02-15 21:02:36,473 - INFO - 读取第 229 批数据，共 20000 行
2026-02-15 21:02:36,473 - INFO - 处理第 229 批数据，共 20000 行
2026-02-15 21:02:39,524 - INFO - 已提交 4580000 行数据
2026-02-15 21:02:39,570 - INFO - 读取第 230 批数据，共 20000 行
2026-02-15 21:02:39,570 - INFO - 处理第 230 批数据，共 20000 行
2026-02-15 21:02:42,685 - INFO - 已提交 4600000 行数据
2026-02-15 21:02:42,717 - INFO - 读取第 231 批数据，共 20000 行
2026-02-15 21:02:42,720 - INFO - 处理第 231 批数据，共 20000 行
2026-02-15 21:02:45,637 - INFO - 已提交 4620000 行数据
2026-02-15 21:02:45,660 - INFO - 读取第 232 批数据，共 20000 行
2026-02-15 21:02:45,668 - INFO - 处理第 232 批数据，共 20000 行
2026-02-15 21:02:48,396 - INFO - 已提交 4640000 行数据
2026-02-15 21:02:48,433 - INFO - 读取第 233 批数据，共 20000 行
2026-02-15 21:02:48,433 - INFO - 处理第 233 批数据，共 20000 行
2026-02-15 21:02:51,495 - INFO - 已提交 4660000 行数据
2026-02-15 21:02:51,526 - INFO - 读取第 234 批数据，共 20000 行
2026-02-15 21:02:51,526 - INFO - 处理第 234 批数据，共 20000 行
2026-02-15 21:02:56,003 - INFO - 已提交 4680000 行数据
2026-02-15 21:02:56,035 - INFO - 读取第 235 批数据，共 20000 行
2026-02-15 21:02:56,051 - INFO - 处理第 235 批数据，共 20000 行
2026-02-15 21:02:59,716 - INFO - 已提交 4700000 行数据
2026-02-15 21:02:59,745 - INFO - 读取第 236 批数据，共 20000 行
2026-02-15 21:02:59,745 - INFO - 处理第 236 批数据，共 20000 行
2026-02-15 21:03:02,661 - INFO - 已提交 4720000 行数据
2026-02-15 21:03:02,699 - INFO - 读取第 237 批数据，共 20000 行
2026-02-15 21:03:02,699 - INFO - 处理第 237 批数据，共 20000 行
2026-02-15 21:03:05,582 - INFO - 已提交 4740000 行数据
2026-02-15 21:03:05,618 - INFO - 读取第 238 批数据，共 20000 行
2026-02-15 21:03:05,618 - INFO - 处理第 238 批数据，共 20000 行
2026-02-15 21:03:08,525 - INFO - 已提交 4760000 行数据
2026-02-15 21:03:08,565 - INFO - 读取第 239 批数据，共 20000 行
2026-02-15 21:03:08,565 - INFO - 处理第 239 批数据，共 20000 行
2026-02-15 21:03:11,401 - INFO - 已提交 4780000 行数据
2026-02-15 21:03:11,433 - INFO - 读取第 240 批数据，共 20000 行
2026-02-15 21:03:11,433 - INFO - 处理第 240 批数据，共 20000 行
2026-02-15 21:03:14,712 - INFO - 已提交 4800000 行数据
2026-02-15 21:03:14,757 - INFO - 读取第 241 批数据，共 20000 行
2026-02-15 21:03:14,757 - INFO - 处理第 241 批数据，共 20000 行
2026-02-15 21:03:19,475 - INFO - 已提交 4820000 行数据
2026-02-15 21:03:19,522 - INFO - 读取第 242 批数据，共 20000 行
2026-02-15 21:03:19,522 - INFO - 处理第 242 批数据，共 20000 行
2026-02-15 21:03:22,382 - INFO - 已提交 4840000 行数据
2026-02-15 21:03:22,424 - INFO - 读取第 243 批数据，共 20000 行
2026-02-15 21:03:22,424 - INFO - 处理第 243 批数据，共 20000 行
2026-02-15 21:03:25,341 - INFO - 已提交 4860000 行数据
2026-02-15 21:03:25,388 - INFO - 读取第 244 批数据，共 20000 行
2026-02-15 21:03:25,388 - INFO - 处理第 244 批数据，共 20000 行
2026-02-15 21:03:28,208 - INFO - 已提交 4880000 行数据
2026-02-15 21:03:28,239 - INFO - 读取第 245 批数据，共 20000 行
2026-02-15 21:03:28,239 - INFO - 处理第 245 批数据，共 20000 行
2026-02-15 21:03:31,219 - INFO - 已提交 4900000 行数据
2026-02-15 21:03:31,251 - INFO - 读取第 246 批数据，共 20000 行
2026-02-15 21:03:31,251 - INFO - 处理第 246 批数据，共 20000 行
2026-02-15 21:03:34,117 - INFO - 已提交 4920000 行数据
2026-02-15 21:03:34,149 - INFO - 读取第 247 批数据，共 20000 行
2026-02-15 21:03:34,149 - INFO - 处理第 247 批数据，共 20000 行
2026-02-15 21:03:37,500 - INFO - 已提交 4940000 行数据
2026-02-15 21:03:37,548 - INFO - 读取第 248 批数据，共 20000 行
2026-02-15 21:03:37,548 - INFO - 处理第 248 批数据，共 20000 行
2026-02-15 21:03:40,477 - INFO - 已提交 4960000 行数据
2026-02-15 21:03:40,510 - INFO - 读取第 249 批数据，共 20000 行
2026-02-15 21:03:40,510 - INFO - 处理第 249 批数据，共 20000 行
2026-02-15 21:03:43,407 - INFO - 已提交 4980000 行数据
2026-02-15 21:03:43,440 - INFO - 读取第 250 批数据，共 20000 行
2026-02-15 21:03:43,440 - INFO - 处理第 250 批数据，共 20000 行
2026-02-15 21:03:46,349 - INFO - 已提交 5000000 行数据
2026-02-15 21:03:46,381 - INFO - 读取第 251 批数据，共 20000 行
2026-02-15 21:03:46,381 - INFO - 处理第 251 批数据，共 20000 行
2026-02-15 21:03:49,728 - INFO - 已提交 5020000 行数据
2026-02-15 21:03:49,766 - INFO - 读取第 252 批数据，共 20000 行
2026-02-15 21:03:49,766 - INFO - 处理第 252 批数据，共 20000 行
2026-02-15 21:03:52,714 - INFO - 已提交 5040000 行数据
2026-02-15 21:03:52,757 - INFO - 读取第 253 批数据，共 20000 行
2026-02-15 21:03:52,760 - INFO - 处理第 253 批数据，共 20000 行
2026-02-15 21:03:55,603 - INFO - 已提交 5060000 行数据
2026-02-15 21:03:55,640 - INFO - 读取第 254 批数据，共 20000 行
2026-02-15 21:03:55,640 - INFO - 处理第 254 批数据，共 20000 行
2026-02-15 21:03:58,787 - INFO - 已提交 5080000 行数据
2026-02-15 21:03:58,817 - INFO - 读取第 255 批数据，共 20000 行
2026-02-15 21:03:58,817 - INFO - 处理第 255 批数据，共 20000 行
2026-02-15 21:04:01,964 - INFO - 已提交 5100000 行数据
2026-02-15 21:04:02,010 - INFO - 读取第 256 批数据，共 20000 行
2026-02-15 21:04:02,010 - INFO - 处理第 256 批数据，共 20000 行
2026-02-15 21:04:04,807 - INFO - 已提交 5120000 行数据
2026-02-15 21:04:04,853 - INFO - 读取第 257 批数据，共 20000 行
2026-02-15 21:04:04,853 - INFO - 处理第 257 批数据，共 20000 行
2026-02-15 21:04:07,731 - INFO - 已提交 5140000 行数据
2026-02-15 21:04:07,776 - INFO - 读取第 258 批数据，共 20000 行
2026-02-15 21:04:07,776 - INFO - 处理第 258 批数据，共 20000 行
2026-02-15 21:04:10,635 - INFO - 已提交 5160000 行数据
2026-02-15 21:04:10,676 - INFO - 读取第 259 批数据，共 20000 行
2026-02-15 21:04:10,676 - INFO - 处理第 259 批数据，共 20000 行
2026-02-15 21:04:14,502 - INFO - 已提交 5180000 行数据
2026-02-15 21:04:14,533 - INFO - 读取第 260 批数据，共 20000 行
2026-02-15 21:04:14,533 - INFO - 处理第 260 批数据，共 20000 行
2026-02-15 21:04:18,192 - INFO - 已提交 5200000 行数据
2026-02-15 21:04:18,239 - INFO - 读取第 261 批数据，共 20000 行
2026-02-15 21:04:18,239 - INFO - 处理第 261 批数据，共 20000 行
2026-02-15 21:04:21,102 - INFO - 已提交 5220000 行数据
2026-02-15 21:04:21,148 - INFO - 读取第 262 批数据，共 20000 行
2026-02-15 21:04:21,148 - INFO - 处理第 262 批数据，共 20000 行
2026-02-15 21:04:23,991 - INFO - 已提交 5240000 行数据
2026-02-15 21:04:24,020 - INFO - 读取第 263 批数据，共 20000 行
2026-02-15 21:04:24,020 - INFO - 处理第 263 批数据，共 20000 行
2026-02-15 21:04:27,100 - INFO - 已提交 5260000 行数据
2026-02-15 21:04:27,129 - INFO - 读取第 264 批数据，共 20000 行
2026-02-15 21:04:27,129 - INFO - 处理第 264 批数据，共 20000 行
2026-02-15 21:04:30,021 - INFO - 已提交 5280000 行数据
2026-02-15 21:04:30,051 - INFO - 读取第 265 批数据，共 20000 行
2026-02-15 21:04:30,051 - INFO - 处理第 265 批数据，共 20000 行
2026-02-15 21:04:32,876 - INFO - 已提交 5300000 行数据
2026-02-15 21:04:32,920 - INFO - 读取第 266 批数据，共 20000 行
2026-02-15 21:04:32,920 - INFO - 处理第 266 批数据，共 20000 行
2026-02-15 21:04:36,125 - INFO - 已提交 5320000 行数据
2026-02-15 21:04:36,170 - INFO - 读取第 267 批数据，共 20000 行
2026-02-15 21:04:36,170 - INFO - 处理第 267 批数据，共 20000 行
2026-02-15 21:04:39,111 - INFO - 已提交 5340000 行数据
2026-02-15 21:04:39,158 - INFO - 读取第 268 批数据，共 20000 行
2026-02-15 21:04:39,158 - INFO - 处理第 268 批数据，共 20000 行
2026-02-15 21:04:42,104 - INFO - 已提交 5360000 行数据
2026-02-15 21:04:42,138 - INFO - 读取第 269 批数据，共 20000 行
2026-02-15 21:04:42,138 - INFO - 处理第 269 批数据，共 20000 行
2026-02-15 21:04:44,928 - INFO - 已提交 5380000 行数据
2026-02-15 21:04:44,976 - INFO - 读取第 270 批数据，共 20000 行
2026-02-15 21:04:44,976 - INFO - 处理第 270 批数据，共 20000 行
2026-02-15 21:04:47,943 - INFO - 已提交 5400000 行数据
2026-02-15 21:04:47,977 - INFO - 读取第 271 批数据，共 20000 行
2026-02-15 21:04:47,977 - INFO - 处理第 271 批数据，共 20000 行
2026-02-15 21:04:51,023 - INFO - 已提交 5420000 行数据
2026-02-15 21:04:51,076 - INFO - 读取第 272 批数据，共 20000 行
2026-02-15 21:04:51,076 - INFO - 处理第 272 批数据，共 20000 行
2026-02-15 21:04:54,560 - INFO - 已提交 5440000 行数据
2026-02-15 21:04:54,589 - INFO - 读取第 273 批数据，共 20000 行
2026-02-15 21:04:54,589 - INFO - 处理第 273 批数据，共 20000 行
2026-02-15 21:04:57,642 - INFO - 已提交 5460000 行数据
2026-02-15 21:04:57,685 - INFO - 读取第 274 批数据，共 20000 行
2026-02-15 21:04:57,685 - INFO - 处理第 274 批数据，共 20000 行
2026-02-15 21:05:00,611 - INFO - 已提交 5480000 行数据
2026-02-15 21:05:00,659 - INFO - 读取第 275 批数据，共 20000 行
2026-02-15 21:05:00,659 - INFO - 处理第 275 批数据，共 20000 行
2026-02-15 21:05:03,522 - INFO - 已提交 5500000 行数据
2026-02-15 21:05:03,552 - INFO - 读取第 276 批数据，共 16954 行
2026-02-15 21:05:03,552 - INFO - 处理第 276 批数据，共 16954 行
2026-02-15 21:05:06,077 - INFO - 数据录入完成，成功插入 5516954 行，跳过 0 行
2026-02-15 21:05:09,228 - INFO - 表 '2_2Admin_label' 现在共有 5516954 行数据
